#
# There is insufficient memory for the Java Runtime Environment to continue.
# Native memory allocation (malloc) failed to allocate 1048576 bytes. Error detail: AllocateHeap
# Possible reasons:
#   The system is out of physical RAM or swap space
#   This process is running with CompressedOops enabled, and the Java Heap may be blocking the growth of the native heap
# Possible solutions:
#   Reduce memory load on the system
#   Increase physical memory or swap space
#   Check if swap backing store is full
#   Decrease Java heap size (-Xmx/-Xms)
#   Decrease number of Java threads
#   Decrease Java thread stack sizes (-Xss)
#   Set larger code cache with -XX:ReservedCodeCacheSize=
#   JVM is running with Unscaled Compressed Oops mode in which the Java heap is
#     placed in the first 4GB address space. The Java Heap base address is the
#     maximum limit for the native heap growth. Please use -XX:HeapBaseMinAddress
#     to set the Java Heap base and to place the Java Heap above 4GB virtual address.
# This output file may be truncated or incomplete.
#
#  Out of Memory Error (allocation.cpp:44), pid=53224, tid=52292
#
# JRE version:  (21.0.8+9) (build )
# Java VM: OpenJDK 64-Bit Server VM (21.0.8+9-LTS, mixed mode, sharing, tiered, compressed oops, compressed class ptrs, parallel gc, windows-amd64)
# No core dump will be written. Minidumps are not enabled by default on client versions of Windows
#

---------------  S U M M A R Y ------------

Command Line: --add-modules=ALL-SYSTEM --add-opens=java.base/java.util=ALL-UNNAMED --add-opens=java.base/java.lang=ALL-UNNAMED --add-opens=java.base/sun.nio.fs=ALL-UNNAMED -Declipse.application=org.eclipse.jdt.ls.core.id1 -Dosgi.bundles.defaultStartLevel=4 -Declipse.product=org.eclipse.jdt.ls.core.product -Djava.import.generatesMetadataFilesAtProjectRoot=false -DDetectVMInstallationsJob.disabled=true -Dfile.encoding=utf8 -XX:+UseParallelGC -XX:GCTimeRatio=4 -XX:AdaptiveSizePolicyWeight=90 -Dsun.zip.disableMemoryMapping=true -Xmx2G -Xms100m -Xlog:disable -javaagent:c:\Users\akhil\.cursor\extensions\redhat.java-1.44.0-win32-x64\lombok\lombok-1.18.39-4050.jar -XX:+HeapDumpOnOutOfMemoryError -XX:HeapDumpPath=c:\Users\akhil\AppData\Roaming\Cursor\User\workspaceStorage\fbb2506cd244a14cfe21ec56da8c2a8b\redhat.java -Daether.dependencyCollector.impl=bf c:\Users\akhil\.cursor\extensions\redhat.java-1.44.0-win32-x64\server\plugins\org.eclipse.equinox.launcher_1.7.0.v20250519-0528.jar -configuration c:\Users\akhil\AppData\Roaming\Cursor\User\globalStorage\redhat.java\1.44.0\config_win -data c:\Users\akhil\AppData\Roaming\Cursor\User\workspaceStorage\fbb2506cd244a14cfe21ec56da8c2a8b\redhat.java\jdt_ws --pipe=\\.\pipe\lsp-156192611552b47a0e94d21f3ab83751-sock

Host: 13th Gen Intel(R) Core(TM) i3-1315U, 8 cores, 7G,  Windows 11 , 64 bit Build 26100 (10.0.26100.4484)
Time: Sat Aug  9 03:00:26 2025 India Standard Time elapsed time: 0.354871 seconds (0d 0h 0m 0s)

---------------  T H R E A D  ---------------

Current thread (0x0000023720b13f30):  JavaThread "Unknown thread" [_thread_in_vm, id=52292, stack(0x000000bbcb100000,0x000000bbcb200000) (1024K)]

Stack: [0x000000bbcb100000,0x000000bbcb200000]
Native frames: (J=compiled Java code, j=interpreted, Vv=VM code, C=native code)
V  [jvm.dll+0x6d2449]
V  [jvm.dll+0x8ae341]
V  [jvm.dll+0x8b08be]
V  [jvm.dll+0x8b0fa3]
V  [jvm.dll+0x280c96]
V  [jvm.dll+0xc0347]
V  [jvm.dll+0x706372]
V  [jvm.dll+0x7070ac]
V  [jvm.dll+0x6e0f43]
V  [jvm.dll+0x877c7c]
V  [jvm.dll+0x3becec]
V  [jvm.dll+0x8606d8]
V  [jvm.dll+0x4530ee]
V  [jvm.dll+0x454d31]
C  [jli.dll+0x5278]
C  [ucrtbase.dll+0x37b0]
C  [KERNEL32.DLL+0x2e8d7]
C  [ntdll.dll+0x3c34c]


---------------  P R O C E S S  ---------------

Threads class SMR info:
_java_thread_list=0x0000023720b77110, length=1, elements={
0x0000023720b13f30
}

Java Threads: ( => current thread )
=>0x0000023720b13f30 JavaThread "Unknown thread"             [_thread_in_vm, id=52292, stack(0x000000bbcb100000,0x000000bbcb200000) (1024K)]
Total: 1

Other Threads:
  0x000002372096ca00 WatcherThread "VM Periodic Task Thread"        [id=14440, stack(0x000000bbcb300000,0x000000bbcb400000) (1024K)]
  0x0000023720b2a7f0 WorkerThread "GC Thread#0"                     [id=22268, stack(0x000000bbcb200000,0x000000bbcb300000) (1024K)]
Total: 2

Threads with active compile tasks:
Total: 0

VM state: not at safepoint (normal execution)

VM Mutex/Monitor currently owned by a thread: None

Heap address: 0x0000000080000000, size: 2048 MB, Compressed Oops mode: 32-bit

CDS archive(s) mapped at: [0x0000023738000000-0x0000023738ba0000-0x0000023738ba0000), size 12189696, SharedBaseAddress: 0x0000023738000000, ArchiveRelocationMode: 1.
Compressed class space mapped at: 0x0000023739000000-0x0000023779000000, reserved size: 1073741824
Narrow klass base: 0x0000023738000000, Narrow klass shift: 0, Narrow klass range: 0x100000000

GC Precious Log:
 CardTable entry size: 512
 CPUs: 8 total, 8 available
 Memory: 7931M
 Large Page Support: Disabled
 NUMA Support: Disabled
 Compressed Oops: Enabled (32-bit)
 Alignments: Space 512K, Generation 512K, Heap 2M
 Heap Min Capacity: 100M
 Heap Initial Capacity: 100M
 Heap Max Capacity: 2G
 Pre-touch: Disabled
 Parallel Workers: 8

Heap:
 PSYoungGen      total 29696K, used 512K [0x00000000d5580000, 0x00000000d7680000, 0x0000000100000000)
  eden space 25600K, 2% used [0x00000000d5580000,0x00000000d5600020,0x00000000d6e80000)
  from space 4096K, 0% used [0x00000000d7280000,0x00000000d7280000,0x00000000d7680000)
  to   space 4096K, 0% used [0x00000000d6e80000,0x00000000d6e80000,0x00000000d7280000)
 ParOldGen       total 68608K, used 0K [0x0000000080000000, 0x0000000084300000, 0x00000000d5580000)
  object space 68608K, 0% used [0x0000000080000000,0x0000000080000000,0x0000000084300000)
 Metaspace       used 0K, committed 0K, reserved 1048576K
  class space    used 0K, committed 0K, reserved 1048576K

Card table byte_map: [0x0000023720480000,0x0000023720890000] _byte_map_base: 0x0000023720080000

Marking Bits: (ParMarkBitMap*) 0x00007ffa52e9a340
 Begin Bits: [0x0000023732f80000, 0x0000023734f80000)
 End Bits:   [0x0000023734f80000, 0x0000023736f80000)

Polling page: 0x000002371e8e0000

Metaspace:

Usage:
  Non-class:      0 bytes used.
      Class:      0 bytes used.
       Both:      0 bytes used.

Virtual space:
  Non-class space:        0 bytes reserved,       0 bytes (  ?%) committed,  0 nodes.
      Class space:        1.00 GB reserved,       0 bytes (  0%) committed,  1 nodes.
             Both:        1.00 GB reserved,       0 bytes (  0%) committed. 

Chunk freelists:
   Non-Class:  0 bytes
       Class:  16.00 MB
        Both:  16.00 MB

MaxMetaspaceSize: unlimited
CompressedClassSpaceSize: 1.00 GB
Initial GC threshold: 21.00 MB
Current GC threshold: 17179869184.00 GB
CDS: on
 - commit_granule_bytes: 65536.
 - commit_granule_words: 8192.
 - virtual_space_node_default_size: 8388608.
 - enlarge_chunks_in_place: 1.
 - use_allocation_guard: 0.


Internal statistics:

num_allocs_failed_limit: 0.
num_arena_births: 0.
num_arena_deaths: 0.
num_vsnodes_births: 1.
num_vsnodes_deaths: 0.
num_space_committed: 0.
num_space_uncommitted: 0.
num_chunks_returned_to_freelist: 0.
num_chunks_taken_from_freelist: 1.
num_chunk_merges: 0.
num_chunk_splits: 1.
num_chunks_enlarged: 0.
num_inconsistent_stats: 0.

CodeHeap 'non-profiled nmethods': size=120000Kb used=0Kb max_used=0Kb free=120000Kb
 bounds [0x000002372b7a0000, 0x000002372ba10000, 0x0000023732cd0000]
CodeHeap 'profiled nmethods': size=120000Kb used=0Kb max_used=0Kb free=120000Kb
 bounds [0x0000023723cd0000, 0x0000023723f40000, 0x000002372b200000]
CodeHeap 'non-nmethods': size=5760Kb used=194Kb max_used=342Kb free=5565Kb
 bounds [0x000002372b200000, 0x000002372b470000, 0x000002372b7a0000]
CodeCache: size=245760Kb, used=194Kb, max_used=342Kb, free=245565Kb
 total_blobs=70, nmethods=0, adapters=48, full_count=0
Compilation: enabled, stopped_count=0, restarted_count=0

Compilation events (0 events):
No events

GC Heap History (0 events):
No events

Dll operation events (1 events):
Event: 0.029 Loaded shared library c:\Users\akhil\.cursor\extensions\redhat.java-1.44.0-win32-x64\jre\21.0.8-win32-x86_64\bin\java.dll

Deoptimization events (0 events):
No events

Classes loaded (0 events):
No events

Classes unloaded (0 events):
No events

Classes redefined (0 events):
No events

Internal exceptions (0 events):
No events

ZGC Phase Switch (0 events):
No events

VM Operations (0 events):
No events

Memory protections (0 events):
No events

Nmethod flushes (0 events):
No events

Events (1 events):
Event: 0.075 Thread 0x0000023720b13f30 Thread added: 0x0000023720b13f30


Dynamic libraries:
0x00007ff6756f0000 - 0x00007ff6756fe000 	c:\Users\akhil\.cursor\extensions\redhat.java-1.44.0-win32-x64\jre\21.0.8-win32-x86_64\bin\java.exe
0x00007ffb0faa0000 - 0x00007ffb0fd08000 	C:\WINDOWS\SYSTEM32\ntdll.dll
0x00007ffb0e800000 - 0x00007ffb0e8c9000 	C:\WINDOWS\System32\KERNEL32.DLL
0x00007ffb0cf80000 - 0x00007ffb0d36d000 	C:\WINDOWS\System32\KERNELBASE.dll
0x00007ffb06dd0000 - 0x00007ffb06e6e000 	C:\WINDOWS\SYSTEM32\apphelp.dll
0x00007ffb0ce30000 - 0x00007ffb0cf7b000 	C:\WINDOWS\System32\ucrtbase.dll
0x00007ffab84a0000 - 0x00007ffab84b8000 	c:\Users\akhil\.cursor\extensions\redhat.java-1.44.0-win32-x64\jre\21.0.8-win32-x86_64\bin\jli.dll
0x00007ffb0f6b0000 - 0x00007ffb0f87c000 	C:\WINDOWS\System32\USER32.dll
0x00007ffb0d370000 - 0x00007ffb0d397000 	C:\WINDOWS\System32\win32u.dll
0x00007ffabc030000 - 0x00007ffabc04e000 	c:\Users\akhil\.cursor\extensions\redhat.java-1.44.0-win32-x64\jre\21.0.8-win32-x86_64\bin\VCRUNTIME140.dll
0x00007ffb0d840000 - 0x00007ffb0d86b000 	C:\WINDOWS\System32\GDI32.dll
0x00007ffb0d700000 - 0x00007ffb0d837000 	C:\WINDOWS\System32\gdi32full.dll
0x00007ffb0d650000 - 0x00007ffb0d6f3000 	C:\WINDOWS\System32\msvcp_win.dll
0x00007ffae50b0000 - 0x00007ffae534a000 	C:\WINDOWS\WinSxS\amd64_microsoft.windows.common-controls_6595b64144ccf1df_6.0.26100.4484_none_3e0e6d4ce32ef3b3\COMCTL32.dll
0x00007ffb0d9d0000 - 0x00007ffb0da79000 	C:\WINDOWS\System32\msvcrt.dll
0x00007ffb0d990000 - 0x00007ffb0d9bf000 	C:\WINDOWS\System32\IMM32.DLL
0x00000000601e0000 - 0x00000000601ec000 	C:\Program Files (x86)\360\Total Security\safemon\SafeWrapper.dll
0x00007ffb0e740000 - 0x00007ffb0e7f4000 	C:\WINDOWS\System32\ADVAPI32.dll
0x00007ffb0e8d0000 - 0x00007ffb0e976000 	C:\WINDOWS\System32\sechost.dll
0x00007ffb0db80000 - 0x00007ffb0dc98000 	C:\WINDOWS\System32\RPCRT4.dll
0x00007ffad7880000 - 0x00007ffad792c000 	C:\Program Files (x86)\360\Total Security\safemon\libzdtp64.dll
0x00007ffb0df60000 - 0x00007ffb0e6aa000 	C:\WINDOWS\System32\SHELL32.dll
0x00007ffb0cbf0000 - 0x00007ffb0cd64000 	C:\WINDOWS\System32\wintypes.dll
0x00007ffb0ee80000 - 0x00007ffb0f206000 	C:\WINDOWS\System32\combase.dll
0x00007ffb0f9f0000 - 0x00007ffb0fa5a000 	C:\WINDOWS\System32\SHLWAPI.dll
0x00007ffb0c6d0000 - 0x00007ffb0c6db000 	C:\WINDOWS\SYSTEM32\VERSION.dll
0x00007ffafb1a0000 - 0x00007ffafb1ac000 	c:\Users\akhil\.cursor\extensions\redhat.java-1.44.0-win32-x64\jre\21.0.8-win32-x86_64\bin\vcruntime140_1.dll
0x00007ffa961e0000 - 0x00007ffa9626d000 	c:\Users\akhil\.cursor\extensions\redhat.java-1.44.0-win32-x64\jre\21.0.8-win32-x86_64\bin\msvcp140.dll
0x00007ffa521e0000 - 0x00007ffa52f77000 	c:\Users\akhil\.cursor\extensions\redhat.java-1.44.0-win32-x64\jre\21.0.8-win32-x86_64\bin\server\jvm.dll
0x00007ffb0db00000 - 0x00007ffb0db74000 	C:\WINDOWS\System32\WS2_32.dll
0x00007ffb0ca40000 - 0x00007ffb0ca9e000 	C:\WINDOWS\SYSTEM32\POWRPROF.dll
0x00007ffb026a0000 - 0x00007ffb026d5000 	C:\WINDOWS\SYSTEM32\WINMM.dll
0x00007ffb0ca10000 - 0x00007ffb0ca24000 	C:\WINDOWS\SYSTEM32\UMPDC.dll
0x00007ffb0b900000 - 0x00007ffb0b91b000 	C:\WINDOWS\SYSTEM32\kernel.appcore.dll
0x00007ffaf45c0000 - 0x00007ffaf45ca000 	c:\Users\akhil\.cursor\extensions\redhat.java-1.44.0-win32-x64\jre\21.0.8-win32-x86_64\bin\jimage.dll
0x00007ffb0a240000 - 0x00007ffb0a481000 	C:\WINDOWS\SYSTEM32\DBGHELP.DLL
0x00007ffb0ed90000 - 0x00007ffb0ee70000 	C:\WINDOWS\System32\OLEAUT32.dll
0x00007ffae7410000 - 0x00007ffae7453000 	C:\WINDOWS\SYSTEM32\dbgcore.DLL
0x00007ffb0d3a0000 - 0x00007ffb0d439000 	C:\WINDOWS\System32\bcryptPrimitives.dll
0x00007ffaf2d70000 - 0x00007ffaf2d7f000 	c:\Users\akhil\.cursor\extensions\redhat.java-1.44.0-win32-x64\jre\21.0.8-win32-x86_64\bin\instrument.dll
0x00007ffadd450000 - 0x00007ffadd46f000 	c:\Users\akhil\.cursor\extensions\redhat.java-1.44.0-win32-x64\jre\21.0.8-win32-x86_64\bin\java.dll

JVMTI agents:
c:\Users\akhil\.cursor\extensions\redhat.java-1.44.0-win32-x64\lombok\lombok-1.18.39-4050.jar path:none, loaded, not initialized, instrumentlib options:none

dbghelp: loaded successfully - version: 4.0.5 - missing functions: none
symbol engine: initialized successfully - sym options: 0x614 - pdb path: .;c:\Users\akhil\.cursor\extensions\redhat.java-1.44.0-win32-x64\jre\21.0.8-win32-x86_64\bin;C:\WINDOWS\SYSTEM32;C:\WINDOWS\WinSxS\amd64_microsoft.windows.common-controls_6595b64144ccf1df_6.0.26100.4484_none_3e0e6d4ce32ef3b3;C:\Program Files (x86)\360\Total Security\safemon;c:\Users\akhil\.cursor\extensions\redhat.java-1.44.0-win32-x64\jre\21.0.8-win32-x86_64\bin\server

VM Arguments:
jvm_args: --add-modules=ALL-SYSTEM --add-opens=java.base/java.util=ALL-UNNAMED --add-opens=java.base/java.lang=ALL-UNNAMED --add-opens=java.base/sun.nio.fs=ALL-UNNAMED -Declipse.application=org.eclipse.jdt.ls.core.id1 -Dosgi.bundles.defaultStartLevel=4 -Declipse.product=org.eclipse.jdt.ls.core.product -Djava.import.generatesMetadataFilesAtProjectRoot=false -DDetectVMInstallationsJob.disabled=true -Dfile.encoding=utf8 -XX:+UseParallelGC -XX:GCTimeRatio=4 -XX:AdaptiveSizePolicyWeight=90 -Dsun.zip.disableMemoryMapping=true -Xmx2G -Xms100m -Xlog:disable -javaagent:c:\Users\akhil\.cursor\extensions\redhat.java-1.44.0-win32-x64\lombok\lombok-1.18.39-4050.jar -XX:+HeapDumpOnOutOfMemoryError -XX:HeapDumpPath=c:\Users\akhil\AppData\Roaming\Cursor\User\workspaceStorage\fbb2506cd244a14cfe21ec56da8c2a8b\redhat.java -Daether.dependencyCollector.impl=bf 
java_command: c:\Users\akhil\.cursor\extensions\redhat.java-1.44.0-win32-x64\server\plugins\org.eclipse.equinox.launcher_1.7.0.v20250519-0528.jar -configuration c:\Users\akhil\AppData\Roaming\Cursor\User\globalStorage\redhat.java\1.44.0\config_win -data c:\Users\akhil\AppData\Roaming\Cursor\User\workspaceStorage\fbb2506cd244a14cfe21ec56da8c2a8b\redhat.java\jdt_ws --pipe=\\.\pipe\lsp-156192611552b47a0e94d21f3ab83751-sock
java_class_path (initial): c:\Users\akhil\.cursor\extensions\redhat.java-1.44.0-win32-x64\server\plugins\org.eclipse.equinox.launcher_1.7.0.v20250519-0528.jar
Launcher Type: SUN_STANDARD

[Global flags]
    uintx AdaptiveSizePolicyWeight                 = 90                                        {product} {command line}
     intx CICompilerCount                          = 4                                         {product} {ergonomic}
    uintx GCTimeRatio                              = 4                                         {product} {command line}
     bool HeapDumpOnOutOfMemoryError               = true                                   {manageable} {command line}
    ccstr HeapDumpPath                             = c:\Users\akhil\AppData\Roaming\Cursor\User\workspaceStorage\fbb2506cd244a14cfe21ec56da8c2a8b\redhat.java         {manageable} {command line}
   size_t InitialHeapSize                          = 104857600                                 {product} {command line}
   size_t MaxHeapSize                              = 2147483648                                {product} {command line}
   size_t MaxNewSize                               = 715653120                                 {product} {ergonomic}
   size_t MinHeapDeltaBytes                        = 524288                                    {product} {ergonomic}
   size_t MinHeapSize                              = 104857600                                 {product} {command line}
   size_t NewSize                                  = 34603008                                  {product} {ergonomic}
    uintx NonNMethodCodeHeapSize                   = 5839372                                {pd product} {ergonomic}
    uintx NonProfiledCodeHeapSize                  = 122909434                              {pd product} {ergonomic}
   size_t OldSize                                  = 70254592                                  {product} {ergonomic}
    uintx ProfiledCodeHeapSize                     = 122909434                              {pd product} {ergonomic}
    uintx ReservedCodeCacheSize                    = 251658240                              {pd product} {ergonomic}
     bool SegmentedCodeCache                       = true                                      {product} {ergonomic}
   size_t SoftMaxHeapSize                          = 2147483648                             {manageable} {ergonomic}
     bool UseCompressedOops                        = true                           {product lp64_product} {ergonomic}
     bool UseLargePagesIndividualAllocation        = false                                  {pd product} {ergonomic}
     bool UseParallelGC                            = true                                      {product} {command line}

Logging:
Log output configuration:
 #0: stdout all=off uptime,level,tags foldmultilines=false
 #1: stderr all=off uptime,level,tags foldmultilines=false

Environment Variables:
PATH=C:\Program Files\Git\cmd;C:\Program Files\Git\bin;C:\flutter\bin;C:\Program Files\ImageMagick-7.1.1-Q16-HDRI;C:\Program Files\Common Files\Oracle\Java\javapath;C:\WINDOWS\system32;C:\WINDOWS;C:\WINDOWS\System32\Wbem;C:\WINDOWS\System32\WindowsPowerShell\v1.0\;C:\WINDOWS\System32\OpenSSH\;C:\Program Files\Java\jdk-23\bin;C:\Program Files\MySQL\MySQL Server 8.0\bin;C:\Users\akhil\AppData\Local\Android\Sdk\platform-tools;C:\Users\akhil\AppData\Local\Android\Sdk\cmdline-tools\latest\bin;C:\Program Files\nodejs\;C:\Program Files\MongoDB\Server\8.0\bin;C:\Users\akhil\Downloads\mongosh-2.5.6-win32-x64\mongosh-2.5.6-win32-x64\bin;C:\Users\akhil\AppData\Local\Programs\Python\Python310\Scripts\;C:\Users\akhil\AppData\Local\Programs\Python\Python310\;C:\Users\akhil\AppData\Local\Programs\Python\Python313\Scripts\;C:\Users\akhil\AppData\Local\Programs\Python\Python313\;C:\Users\akhil\AppData\Local\Programs\Python\Launcher\;C:\Program Files\MySQL\MySQL Shell 8.0\bin\;C:\Users\akhil\AppData\Local\Microsoft\WindowsApps;C:\Users\akhil\AppData\Local\Programs\Microsoft VS Code\bin;C:\Program Files\JetBrains\IntelliJ IDEA Community Edition 2024.3.2.1\bin;;C:\Users\akhil\AppData\Local\Microsoft\WinGet\Packages\Schniz.fnm_Microsoft.Winget.Source_8wekyb3d8bbwe;C:\Users\akhil\AppData\Roaming\npm;C:\Users\akhil\AppData\Local\Programs\cursor\resources\app\bin
USERNAME=akhil
OS=Windows_NT
PROCESSOR_IDENTIFIER=Intel64 Family 6 Model 186 Stepping 3, GenuineIntel
TMP=C:\Users\akhil\AppData\Local\Temp
TEMP=C:\Users\akhil\AppData\Local\Temp




Periodic native trim disabled

---------------  S Y S T E M  ---------------

OS:
 Windows 11 , 64 bit Build 26100 (10.0.26100.4484)
OS uptime: 4 days 5:52 hours
Hyper-V role detected

CPU: total 8 (initial active 8) (4 cores per cpu, 2 threads per core) family 6 model 186 stepping 3 microcode 0x410e, cx8, cmov, fxsr, ht, mmx, 3dnowpref, sse, sse2, sse3, ssse3, sse4.1, sse4.2, popcnt, lzcnt, tsc, tscinvbit, avx, avx2, aes, erms, clmul, bmi1, bmi2, adx, sha, fma, vzeroupper, clflush, clflushopt, clwb, hv, serialize, rdtscp, rdpid, fsrm, f16c, cet_ibt, cet_ss
Processor Information for the first 8 processors :
  Max Mhz: 1200, Current Mhz: 1200, Mhz Limit: 1200

Memory: 4k page, system-wide physical 7931M (483M free)
TotalPageFile size 32507M (AvailPageFile size 0M)
current process WorkingSet (physical memory assigned to process): 28M, peak: 28M
current process commit charge ("private bytes"): 204M, peak: 205M

vm_info: OpenJDK 64-Bit Server VM (21.0.8+9-LTS) for windows-amd64 JRE (21.0.8+9-LTS), built on 2025-07-15T00:00:00Z by "admin" with MS VC++ 17.7 (VS2022)

END.
