#
# There is insufficient memory for the Java Runtime Environment to continue.
# Native memory allocation (malloc) failed to allocate 1787856 bytes. Error detail: Chunk::new
# Possible reasons:
#   The system is out of physical RAM or swap space
#   This process is running with CompressedOops enabled, and the Java Heap may be blocking the growth of the native heap
# Possible solutions:
#   Reduce memory load on the system
#   Increase physical memory or swap space
#   Check if swap backing store is full
#   Decrease Java heap size (-Xmx/-Xms)
#   Decrease number of Java threads
#   Decrease Java thread stack sizes (-Xss)
#   Set larger code cache with -XX:ReservedCodeCacheSize=
#   JVM is running with Unscaled Compressed Oops mode in which the Java heap is
#     placed in the first 4GB address space. The Java Heap base address is the
#     maximum limit for the native heap growth. Please use -XX:HeapBaseMinAddress
#     to set the Java Heap base and to place the Java Heap above 4GB virtual address.
# This output file may be truncated or incomplete.
#
#  Out of Memory Error (arena.cpp:168), pid=51996, tid=44296
#
# JRE version: OpenJDK Runtime Environment Temurin-21.0.8+9 (21.0.8+9) (build 21.0.8+9-LTS)
# Java VM: OpenJDK 64-Bit Server VM Temurin-21.0.8+9 (21.0.8+9-LTS, mixed mode, sharing, tiered, compressed oops, compressed class ptrs, parallel gc, windows-amd64)
# No core dump will be written. Minidumps are not enabled by default on client versions of Windows
#

---------------  S U M M A R Y ------------

Command Line: --add-modules=ALL-SYSTEM --add-opens=java.base/java.util=ALL-UNNAMED --add-opens=java.base/java.lang=ALL-UNNAMED --add-opens=java.base/sun.nio.fs=ALL-UNNAMED -Declipse.application=org.eclipse.jdt.ls.core.id1 -Dosgi.bundles.defaultStartLevel=4 -Declipse.product=org.eclipse.jdt.ls.core.product -Djava.import.generatesMetadataFilesAtProjectRoot=false -DDetectVMInstallationsJob.disabled=true -Dfile.encoding=utf8 -XX:+UseParallelGC -XX:GCTimeRatio=4 -XX:AdaptiveSizePolicyWeight=90 -Dsun.zip.disableMemoryMapping=true -Xmx2G -Xms100m -Xlog:disable -javaagent:c:\Users\akhil\.cursor\extensions\redhat.java-1.44.0-win32-x64\lombok\lombok-1.18.39-4050.jar -XX:+HeapDumpOnOutOfMemoryError -XX:HeapDumpPath=c:\Users\akhil\AppData\Roaming\Cursor\User\workspaceStorage\fbb2506cd244a14cfe21ec56da8c2a8b\redhat.java -Daether.dependencyCollector.impl=bf c:\Users\akhil\.cursor\extensions\redhat.java-1.44.0-win32-x64\server\plugins\org.eclipse.equinox.launcher_1.7.0.v20250519-0528.jar -configuration c:\Users\akhil\AppData\Roaming\Cursor\User\globalStorage\redhat.java\1.44.0\config_win -data c:\Users\akhil\AppData\Roaming\Cursor\User\workspaceStorage\fbb2506cd244a14cfe21ec56da8c2a8b\redhat.java\jdt_ws --pipe=\\.\pipe\lsp-08eb1f1e2d51ad1f60be78a6c3d51e06-sock

Host: 13th Gen Intel(R) Core(TM) i3-1315U, 8 cores, 7G,  Windows 11 , 64 bit Build 26100 (10.0.26100.4484)
Time: Sat Aug  9 03:00:23 2025 India Standard Time elapsed time: 16.952087 seconds (0d 0h 0m 16s)

---------------  T H R E A D  ---------------

Current thread (0x000001d87336d8e0):  JavaThread "C2 CompilerThread0" daemon [_thread_in_native, id=44296, stack(0x000000d4e9000000,0x000000d4e9100000) (1024K)]


Current CompileTask:
C2:16952 4947   !   4       org.eclipse.osgi.internal.loader.classpath.ClasspathManager::defineClass (636 bytes)

Stack: [0x000000d4e9000000,0x000000d4e9100000]
Native frames: (J=compiled Java code, j=interpreted, Vv=VM code, C=native code)
V  [jvm.dll+0x6d2449]
V  [jvm.dll+0x8ae341]
V  [jvm.dll+0x8b08be]
V  [jvm.dll+0x8b0fa3]
V  [jvm.dll+0x280c96]
V  [jvm.dll+0xc581d]
V  [jvm.dll+0xc5d53]
V  [jvm.dll+0x3b9162]
V  [jvm.dll+0x385315]
V  [jvm.dll+0x38477a]
V  [jvm.dll+0x248ed0]
V  [jvm.dll+0x2484af]
V  [jvm.dll+0x1c89ee]
V  [jvm.dll+0x257d4d]
V  [jvm.dll+0x2562ea]
V  [jvm.dll+0x3f2d16]
V  [jvm.dll+0x857e6b]
V  [jvm.dll+0x6d0b0d]
C  [ucrtbase.dll+0x37b0]
C  [KERNEL32.DLL+0x2e8d7]
C  [ntdll.dll+0x3c34c]


---------------  P R O C E S S  ---------------

Threads class SMR info:
_java_thread_list=0x000001d87f6a5f10, length=39, elements={
0x000001d8733f41d0, 0x000001d873361f00, 0x000001d873364890, 0x000001d8733685a0,
0x000001d87336b130, 0x000001d87336bcb0, 0x000001d87336cab0, 0x000001d87336d8e0,
0x000001d87c683d90, 0x000001d87c6cf500, 0x000001d87c930300, 0x000001d87ce02030,
0x000001d87d09c580, 0x000001d87d08a290, 0x000001d87cd41c40, 0x000001d87d668f20,
0x000001d87d668200, 0x000001d87d6695b0, 0x000001d87d667b70, 0x000001d87d668890,
0x000001d87d666130, 0x000001d87d6667c0, 0x000001d87dcb0040, 0x000001d87dcb3b50,
0x000001d87dcb06d0, 0x000001d87dcb13f0, 0x000001d87dcb2110, 0x000001d87dcb27a0,
0x000001d87dcb41e0, 0x000001d87dcb2e30, 0x000001d87dcb1a80, 0x000001d87dcb0d60,
0x000001d87dcb4f00, 0x000001d87dcb4870, 0x000001d87dcb5590, 0x000001d87dcb5c20,
0x000001d87edb1c60, 0x000001d87dcb34c0, 0x000001d87dcb6940
}

Java Threads: ( => current thread )
  0x000001d8733f41d0 JavaThread "main"                              [_thread_in_Java, id=51756, stack(0x000000d4e8600000,0x000000d4e8700000) (1024K)]
  0x000001d873361f00 JavaThread "Reference Handler"          daemon [_thread_blocked, id=31472, stack(0x000000d4e8a00000,0x000000d4e8b00000) (1024K)]
  0x000001d873364890 JavaThread "Finalizer"                  daemon [_thread_blocked, id=51340, stack(0x000000d4e8b00000,0x000000d4e8c00000) (1024K)]
  0x000001d8733685a0 JavaThread "Signal Dispatcher"          daemon [_thread_blocked, id=34784, stack(0x000000d4e8c00000,0x000000d4e8d00000) (1024K)]
  0x000001d87336b130 JavaThread "Attach Listener"            daemon [_thread_blocked, id=51876, stack(0x000000d4e8d00000,0x000000d4e8e00000) (1024K)]
  0x000001d87336bcb0 JavaThread "Service Thread"             daemon [_thread_blocked, id=840, stack(0x000000d4e8e00000,0x000000d4e8f00000) (1024K)]
  0x000001d87336cab0 JavaThread "Monitor Deflation Thread"   daemon [_thread_blocked, id=40356, stack(0x000000d4e8f00000,0x000000d4e9000000) (1024K)]
=>0x000001d87336d8e0 JavaThread "C2 CompilerThread0"         daemon [_thread_in_native, id=44296, stack(0x000000d4e9000000,0x000000d4e9100000) (1024K)]
  0x000001d87c683d90 JavaThread "C1 CompilerThread0"         daemon [_thread_in_native, id=48648, stack(0x000000d4e9100000,0x000000d4e9200000) (1024K)]
  0x000001d87c6cf500 JavaThread "Common-Cleaner"             daemon [_thread_blocked, id=4656, stack(0x000000d4e9200000,0x000000d4e9300000) (1024K)]
  0x000001d87c930300 JavaThread "Notification Thread"        daemon [_thread_blocked, id=51432, stack(0x000000d4e9300000,0x000000d4e9400000) (1024K)]
  0x000001d87ce02030 JavaThread "Active Thread: Equinox Container: 3100ed85-1f69-48ac-aaf7-6992e332c316"        [_thread_blocked, id=51320, stack(0x000000d4e9b00000,0x000000d4e9c00000) (1024K)]
  0x000001d87d09c580 JavaThread "Refresh Thread: Equinox Container: 3100ed85-1f69-48ac-aaf7-6992e332c316" daemon [_thread_blocked, id=42592, stack(0x000000d4e9d00000,0x000000d4e9e00000) (1024K)]
  0x000001d87d08a290 JavaThread "Framework Event Dispatcher: Equinox Container: 3100ed85-1f69-48ac-aaf7-6992e332c316" daemon [_thread_blocked, id=44252, stack(0x000000d4e9e00000,0x000000d4e9f00000) (1024K)]
  0x000001d87cd41c40 JavaThread "Start Level: Equinox Container: 3100ed85-1f69-48ac-aaf7-6992e332c316" daemon [_thread_blocked, id=45332, stack(0x000000d4e9a00000,0x000000d4e9b00000) (1024K)]
  0x000001d87d668f20 JavaThread "Bundle File Closer"         daemon [_thread_blocked, id=22636, stack(0x000000d4e9f00000,0x000000d4ea000000) (1024K)]
  0x000001d87d668200 JavaThread "SCR Component Actor"        daemon [_thread_blocked, id=51588, stack(0x000000d4ea000000,0x000000d4ea100000) (1024K)]
  0x000001d87d6695b0 JavaThread "Worker-JM"                         [_thread_blocked, id=43828, stack(0x000000d4ea200000,0x000000d4ea300000) (1024K)]
  0x000001d87d667b70 JavaThread "JNA Cleaner"                daemon [_thread_blocked, id=32852, stack(0x000000d4ea300000,0x000000d4ea400000) (1024K)]
  0x000001d87d668890 JavaThread "Worker-0: Updating Maven Dependencies"        [_thread_blocked, id=51824, stack(0x000000d4ea400000,0x000000d4ea500000) (1024K)]
  0x000001d87d666130 JavaThread "Worker-1: Repository registry initialization"        [_thread_in_vm, id=45556, stack(0x000000d4ea500000,0x000000d4ea600000) (1024K)]
  0x000001d87d6667c0 JavaThread "Worker-2"                          [_thread_blocked, id=49932, stack(0x000000d4ea600000,0x000000d4ea700000) (1024K)]
  0x000001d87dcb0040 JavaThread "Worker-3: Initialize After Load"        [_thread_blocked, id=36500, stack(0x000000d4ea700000,0x000000d4ea800000) (1024K)]
  0x000001d87dcb3b50 JavaThread "Java indexing"              daemon [_thread_blocked, id=52276, stack(0x000000d4ea800000,0x000000d4ea900000) (1024K)]
  0x000001d87dcb06d0 JavaThread "Worker-4"                          [_thread_blocked, id=52500, stack(0x000000d4eab00000,0x000000d4eac00000) (1024K)]
  0x000001d87dcb13f0 JavaThread "Worker-5"                          [_thread_blocked, id=52516, stack(0x000000d4eac00000,0x000000d4ead00000) (1024K)]
  0x000001d87dcb2110 JavaThread "Thread-2"                   daemon [_thread_in_native, id=52520, stack(0x000000d4ead00000,0x000000d4eae00000) (1024K)]
  0x000001d87dcb27a0 JavaThread "Thread-3"                   daemon [_thread_in_native, id=52524, stack(0x000000d4eae00000,0x000000d4eaf00000) (1024K)]
  0x000001d87dcb41e0 JavaThread "Thread-4"                   daemon [_thread_in_native, id=52528, stack(0x000000d4eaf00000,0x000000d4eb000000) (1024K)]
  0x000001d87dcb2e30 JavaThread "Thread-5"                   daemon [_thread_in_native, id=52532, stack(0x000000d4eb000000,0x000000d4eb100000) (1024K)]
  0x000001d87dcb1a80 JavaThread "Thread-6"                   daemon [_thread_in_native, id=52536, stack(0x000000d4eb100000,0x000000d4eb200000) (1024K)]
  0x000001d87dcb0d60 JavaThread "Thread-7"                   daemon [_thread_in_native, id=52540, stack(0x000000d4eb200000,0x000000d4eb300000) (1024K)]
  0x000001d87dcb4f00 JavaThread "Thread-8"                   daemon [_thread_in_native, id=52544, stack(0x000000d4eb300000,0x000000d4eb400000) (1024K)]
  0x000001d87dcb4870 JavaThread "Thread-9"                   daemon [_thread_in_native, id=52548, stack(0x000000d4eb400000,0x000000d4eb500000) (1024K)]
  0x000001d87dcb5590 JavaThread "Thread-10"                  daemon [_thread_in_native, id=52552, stack(0x000000d4eb500000,0x000000d4eb600000) (1024K)]
  0x000001d87dcb5c20 JavaThread "pool-2-thread-1"                   [_thread_blocked, id=52596, stack(0x000000d4eb600000,0x000000d4eb700000) (1024K)]
  0x000001d87edb1c60 JavaThread "C2 CompilerThread1"         daemon [_thread_in_native, id=52716, stack(0x000000d4ea100000,0x000000d4ea200000) (1024K)]
  0x000001d87dcb34c0 JavaThread "WorkspaceEventsHandler"            [_thread_blocked, id=52720, stack(0x000000d4eb700000,0x000000d4eb800000) (1024K)]
  0x000001d87dcb6940 JavaThread "pool-1-thread-1"                   [_thread_blocked, id=52724, stack(0x000000d4eb800000,0x000000d4eb900000) (1024K)]
Total: 39

Other Threads:
  0x000001d87346da00 VMThread "VM Thread"                           [id=36040, stack(0x000000d4e8900000,0x000000d4e8a00000) (1024K)]
  0x000001d87324ca00 WatcherThread "VM Periodic Task Thread"        [id=23004, stack(0x000000d4e8800000,0x000000d4e8900000) (1024K)]
  0x000001d87340a830 WorkerThread "GC Thread#0"                     [id=8836, stack(0x000000d4e8700000,0x000000d4e8800000) (1024K)]
  0x000001d87cefbc00 WorkerThread "GC Thread#1"                     [id=51116, stack(0x000000d4e9400000,0x000000d4e9500000) (1024K)]
  0x000001d87cbffed0 WorkerThread "GC Thread#2"                     [id=49828, stack(0x000000d4e9500000,0x000000d4e9600000) (1024K)]
  0x000001d87cc00270 WorkerThread "GC Thread#3"                     [id=43800, stack(0x000000d4e9600000,0x000000d4e9700000) (1024K)]
  0x000001d87cc02ea0 WorkerThread "GC Thread#4"                     [id=51664, stack(0x000000d4e9700000,0x000000d4e9800000) (1024K)]
  0x000001d87cc03240 WorkerThread "GC Thread#5"                     [id=40768, stack(0x000000d4e9800000,0x000000d4e9900000) (1024K)]
  0x000001d87cbf69a0 WorkerThread "GC Thread#6"                     [id=39556, stack(0x000000d4e9900000,0x000000d4e9a00000) (1024K)]
  0x000001d87ce44bd0 WorkerThread "GC Thread#7"                     [id=12804, stack(0x000000d4e9c00000,0x000000d4e9d00000) (1024K)]
Total: 10

Threads with active compile tasks:
C2 CompilerThread0  17061 4947   !   4       org.eclipse.osgi.internal.loader.classpath.ClasspathManager::defineClass (636 bytes)
C2 CompilerThread1  17061 5125 %     4       java.io.BufferedReader::implReadLine @ 125 (301 bytes)
Total: 2

VM state: not at safepoint (normal execution)

VM Mutex/Monitor currently owned by a thread: None

Heap address: 0x0000000080000000, size: 2048 MB, Compressed Oops mode: 32-bit

CDS archive(s) mapped at: [0x000001d80f000000-0x000001d80fba0000-0x000001d80fba0000), size 12189696, SharedBaseAddress: 0x000001d80f000000, ArchiveRelocationMode: 1.
Compressed class space mapped at: 0x000001d810000000-0x000001d850000000, reserved size: 1073741824
Narrow klass base: 0x000001d80f000000, Narrow klass shift: 0, Narrow klass range: 0x100000000

GC Precious Log:
 CardTable entry size: 512
 CPUs: 8 total, 8 available
 Memory: 7931M
 Large Page Support: Disabled
 NUMA Support: Disabled
 Compressed Oops: Enabled (32-bit)
 Alignments: Space 512K, Generation 512K, Heap 2M
 Heap Min Capacity: 100M
 Heap Initial Capacity: 100M
 Heap Max Capacity: 2G
 Pre-touch: Disabled
 Parallel Workers: 8

Heap:
 PSYoungGen      total 24064K, used 18787K [0x00000000d5580000, 0x00000000d7200000, 0x0000000100000000)
  eden space 22016K, 76% used [0x00000000d5580000,0x00000000d660cfe0,0x00000000d6b00000)
  from space 2048K, 89% used [0x00000000d7000000,0x00000000d71cc010,0x00000000d7200000)
  to   space 2048K, 0% used [0x00000000d6e00000,0x00000000d6e00000,0x00000000d7000000)
 ParOldGen       total 68608K, used 18278K [0x0000000080000000, 0x0000000084300000, 0x00000000d5580000)
  object space 68608K, 26% used [0x0000000080000000,0x00000000811d99f8,0x0000000084300000)
 Metaspace       used 39190K, committed 40256K, reserved 1114112K
  class space    used 4181K, committed 4672K, reserved 1048576K

Card table byte_map: [0x000001d872d60000,0x000001d873170000] _byte_map_base: 0x000001d872960000

Marking Bits: (ParMarkBitMap*) 0x00007ffa52e9a340
 Begin Bits: [0x000001d876860000, 0x000001d878860000)
 End Bits:   [0x000001d878860000, 0x000001d87a860000)

Polling page: 0x000001d8713c0000

Metaspace:

Usage:
  Non-class:     34.19 MB used.
      Class:      4.08 MB used.
       Both:     38.27 MB used.

Virtual space:
  Non-class space:       64.00 MB reserved,      34.75 MB ( 54%) committed,  1 nodes.
      Class space:        1.00 GB reserved,       4.56 MB ( <1%) committed,  1 nodes.
             Both:        1.06 GB reserved,      39.31 MB (  4%) committed. 

Chunk freelists:
   Non-Class:  12.50 MB
       Class:  11.42 MB
        Both:  23.92 MB

MaxMetaspaceSize: unlimited
CompressedClassSpaceSize: 1.00 GB
Initial GC threshold: 21.00 MB
Current GC threshold: 58.38 MB
CDS: on
 - commit_granule_bytes: 65536.
 - commit_granule_words: 8192.
 - virtual_space_node_default_size: 8388608.
 - enlarge_chunks_in_place: 1.
 - use_allocation_guard: 0.


Internal statistics:

num_allocs_failed_limit: 8.
num_arena_births: 762.
num_arena_deaths: 40.
num_vsnodes_births: 2.
num_vsnodes_deaths: 0.
num_space_committed: 629.
num_space_uncommitted: 0.
num_chunks_returned_to_freelist: 53.
num_chunks_taken_from_freelist: 2507.
num_chunk_merges: 9.
num_chunk_splits: 1539.
num_chunks_enlarged: 906.
num_inconsistent_stats: 0.

CodeHeap 'non-profiled nmethods': size=120000Kb used=2004Kb max_used=2151Kb free=117995Kb
 bounds [0x000001d807ad0000, 0x000001d807d40000, 0x000001d80f000000]
CodeHeap 'profiled nmethods': size=120000Kb used=9554Kb max_used=10258Kb free=110445Kb
 bounds [0x000001d800000000, 0x000001d800a10000, 0x000001d807530000]
CodeHeap 'non-nmethods': size=5760Kb used=1358Kb max_used=1404Kb free=4401Kb
 bounds [0x000001d807530000, 0x000001d8077a0000, 0x000001d807ad0000]
CodeCache: size=245760Kb, used=12916Kb, max_used=13813Kb, free=232841Kb
 total_blobs=5215, nmethods=4559, adapters=562, full_count=0
Compilation: enabled, stopped_count=0, restarted_count=0

Compilation events (20 events):
Event: 15.905 Thread 0x000001d87c683d90 5057       3       java.lang.reflect.Method::setAccessible (21 bytes)
Event: 15.905 Thread 0x000001d87c683d90 nmethod 5057 0x000001d8001c6d10 code [0x000001d8001c6f00, 0x000001d8001c73b8]
Event: 15.905 Thread 0x000001d87c683d90 5058       3       java.lang.reflect.Method::checkCanSetAccessible (10 bytes)
Event: 15.905 Thread 0x000001d87c683d90 nmethod 5058 0x000001d8001c6910 code [0x000001d8001c6ac0, 0x000001d8001c6c60]
Event: 15.905 Thread 0x000001d87c683d90 5059       3       java.lang.reflect.Method::getGenericInfo (28 bytes)
Event: 15.907 Thread 0x000001d87c683d90 nmethod 5059 0x000001d8000ac590 code [0x000001d8000ac800, 0x000001d8000ad468]
Event: 15.907 Thread 0x000001d87c683d90 5060       3       java.lang.reflect.AccessibleObject::setAccessible0 (7 bytes)
Event: 15.907 Thread 0x000001d87c683d90 nmethod 5060 0x000001d8001c6590 code [0x000001d8001c6720, 0x000001d8001c6838]
Event: 15.910 Thread 0x000001d87c683d90 5061       3       java.lang.WeakPairMap$Pair$Lookup::hashCode (12 bytes)
Event: 15.910 Thread 0x000001d87c683d90 nmethod 5061 0x000001d800273110 code [0x000001d8002732c0, 0x000001d800273490]
Event: 15.910 Thread 0x000001d87c683d90 5062       3       java.lang.String::join (281 bytes)
Event: 15.912 Thread 0x000001d87c683d90 nmethod 5062 0x000001d80004ea10 code [0x000001d80004ed60, 0x000001d8000501d0]
Event: 15.912 Thread 0x000001d87c683d90 5064       3       jdk.internal.org.objectweb.asm.SymbolTable::hash (12 bytes)
Event: 15.913 Thread 0x000001d87c683d90 nmethod 5064 0x000001d800272d10 code [0x000001d800272ec0, 0x000001d800272ff8]
Event: 15.914 Thread 0x000001d87c683d90 5063       3       java.util.StringJoiner::<init> (63 bytes)
Event: 15.915 Thread 0x000001d87c683d90 nmethod 5063 0x000001d800194e10 code [0x000001d800195060, 0x000001d8001958f8]
Event: 15.916 Thread 0x000001d87c683d90 5065       3       java.lang.Class::getMethodsRecursive (99 bytes)
Event: 15.917 Thread 0x000001d87c683d90 nmethod 5065 0x000001d8001e4690 code [0x000001d8001e48c0, 0x000001d8001e4e58]
Event: 16.170 Thread 0x000001d87c683d90 5068       3       java.util.regex.Pattern::sequence (647 bytes)
Event: 16.948 Thread 0x000001d87c683d90 nmethod 5068 0x000001d8000cb210 code [0x000001d8000cb7e0, 0x000001d8000ce448]

GC Heap History (20 events):
Event: 10.519 GC heap before
{Heap before GC invocations=7 (full 0):
 PSYoungGen      total 30208K, used 26137K [0x00000000d5580000, 0x00000000d7900000, 0x0000000100000000)
  eden space 24576K, 84% used [0x00000000d5580000,0x00000000d69be7f0,0x00000000d6d80000)
  from space 5632K, 96% used [0x00000000d7380000,0x00000000d78c7fb0,0x00000000d7900000)
  to   space 5632K, 0% used [0x00000000d6e00000,0x00000000d6e00000,0x00000000d7380000)
 ParOldGen       total 68608K, used 8079K [0x0000000080000000, 0x0000000084300000, 0x00000000d5580000)
  object space 68608K, 11% used [0x0000000080000000,0x00000000807e3d48,0x0000000084300000)
 Metaspace       used 20695K, committed 21504K, reserved 1114112K
  class space    used 2169K, committed 2560K, reserved 1048576K
}
Event: 10.526 GC heap after
{Heap after GC invocations=7 (full 0):
 PSYoungGen      total 29696K, used 4680K [0x00000000d5580000, 0x00000000d7780000, 0x0000000100000000)
  eden space 24576K, 0% used [0x00000000d5580000,0x00000000d5580000,0x00000000d6d80000)
  from space 5120K, 91% used [0x00000000d6e00000,0x00000000d72923c0,0x00000000d7300000)
  to   space 4608K, 0% used [0x00000000d7300000,0x00000000d7300000,0x00000000d7780000)
 ParOldGen       total 68608K, used 9430K [0x0000000080000000, 0x0000000084300000, 0x00000000d5580000)
  object space 68608K, 13% used [0x0000000080000000,0x0000000080935ab0,0x0000000084300000)
 Metaspace       used 20695K, committed 21504K, reserved 1114112K
  class space    used 2169K, committed 2560K, reserved 1048576K
}
Event: 10.526 GC heap before
{Heap before GC invocations=8 (full 1):
 PSYoungGen      total 29696K, used 4680K [0x00000000d5580000, 0x00000000d7780000, 0x0000000100000000)
  eden space 24576K, 0% used [0x00000000d5580000,0x00000000d5580000,0x00000000d6d80000)
  from space 5120K, 91% used [0x00000000d6e00000,0x00000000d72923c0,0x00000000d7300000)
  to   space 4608K, 0% used [0x00000000d7300000,0x00000000d7300000,0x00000000d7780000)
 ParOldGen       total 68608K, used 9430K [0x0000000080000000, 0x0000000084300000, 0x00000000d5580000)
  object space 68608K, 13% used [0x0000000080000000,0x0000000080935ab0,0x0000000084300000)
 Metaspace       used 20695K, committed 21504K, reserved 1114112K
  class space    used 2169K, committed 2560K, reserved 1048576K
}
Event: 10.583 GC heap after
{Heap after GC invocations=8 (full 1):
 PSYoungGen      total 29696K, used 0K [0x00000000d5580000, 0x00000000d7780000, 0x0000000100000000)
  eden space 24576K, 0% used [0x00000000d5580000,0x00000000d5580000,0x00000000d6d80000)
  from space 5120K, 0% used [0x00000000d6e00000,0x00000000d6e00000,0x00000000d7300000)
  to   space 4608K, 0% used [0x00000000d7300000,0x00000000d7300000,0x00000000d7780000)
 ParOldGen       total 68608K, used 13145K [0x0000000080000000, 0x0000000084300000, 0x00000000d5580000)
  object space 68608K, 19% used [0x0000000080000000,0x0000000080cd6468,0x0000000084300000)
 Metaspace       used 20682K, committed 21504K, reserved 1114112K
  class space    used 2166K, committed 2560K, reserved 1048576K
}
Event: 11.100 GC heap before
{Heap before GC invocations=9 (full 1):
 PSYoungGen      total 29696K, used 24576K [0x00000000d5580000, 0x00000000d7780000, 0x0000000100000000)
  eden space 24576K, 100% used [0x00000000d5580000,0x00000000d6d80000,0x00000000d6d80000)
  from space 5120K, 0% used [0x00000000d6e00000,0x00000000d6e00000,0x00000000d7300000)
  to   space 4608K, 0% used [0x00000000d7300000,0x00000000d7300000,0x00000000d7780000)
 ParOldGen       total 68608K, used 13145K [0x0000000080000000, 0x0000000084300000, 0x00000000d5580000)
  object space 68608K, 19% used [0x0000000080000000,0x0000000080cd6468,0x0000000084300000)
 Metaspace       used 23189K, committed 24064K, reserved 1114112K
  class space    used 2334K, committed 2688K, reserved 1048576K
}
Event: 11.101 GC heap after
{Heap after GC invocations=9 (full 1):
 PSYoungGen      total 25088K, used 795K [0x00000000d5580000, 0x00000000d7400000, 0x0000000100000000)
  eden space 24064K, 0% used [0x00000000d5580000,0x00000000d5580000,0x00000000d6d00000)
  from space 1024K, 77% used [0x00000000d7300000,0x00000000d73c6f60,0x00000000d7400000)
  to   space 2560K, 0% used [0x00000000d6f00000,0x00000000d6f00000,0x00000000d7180000)
 ParOldGen       total 68608K, used 13145K [0x0000000080000000, 0x0000000084300000, 0x00000000d5580000)
  object space 68608K, 19% used [0x0000000080000000,0x0000000080cd6468,0x0000000084300000)
 Metaspace       used 23189K, committed 24064K, reserved 1114112K
  class space    used 2334K, committed 2688K, reserved 1048576K
}
Event: 11.622 GC heap before
{Heap before GC invocations=10 (full 1):
 PSYoungGen      total 25088K, used 24859K [0x00000000d5580000, 0x00000000d7400000, 0x0000000100000000)
  eden space 24064K, 100% used [0x00000000d5580000,0x00000000d6d00000,0x00000000d6d00000)
  from space 1024K, 77% used [0x00000000d7300000,0x00000000d73c6f60,0x00000000d7400000)
  to   space 2560K, 0% used [0x00000000d6f00000,0x00000000d6f00000,0x00000000d7180000)
 ParOldGen       total 68608K, used 13145K [0x0000000080000000, 0x0000000084300000, 0x00000000d5580000)
  object space 68608K, 19% used [0x0000000080000000,0x0000000080cd6468,0x0000000084300000)
 Metaspace       used 26548K, committed 27456K, reserved 1114112K
  class space    used 2619K, committed 3008K, reserved 1048576K
}
Event: 11.628 GC heap after
{Heap after GC invocations=10 (full 1):
 PSYoungGen      total 26112K, used 2555K [0x00000000d5580000, 0x00000000d7380000, 0x0000000100000000)
  eden space 23552K, 0% used [0x00000000d5580000,0x00000000d5580000,0x00000000d6c80000)
  from space 2560K, 99% used [0x00000000d6f00000,0x00000000d717ee68,0x00000000d7180000)
  to   space 2048K, 0% used [0x00000000d7180000,0x00000000d7180000,0x00000000d7380000)
 ParOldGen       total 68608K, used 13153K [0x0000000080000000, 0x0000000084300000, 0x00000000d5580000)
  object space 68608K, 19% used [0x0000000080000000,0x0000000080cd8468,0x0000000084300000)
 Metaspace       used 26548K, committed 27456K, reserved 1114112K
  class space    used 2619K, committed 3008K, reserved 1048576K
}
Event: 12.236 GC heap before
{Heap before GC invocations=11 (full 1):
 PSYoungGen      total 26112K, used 26107K [0x00000000d5580000, 0x00000000d7380000, 0x0000000100000000)
  eden space 23552K, 100% used [0x00000000d5580000,0x00000000d6c80000,0x00000000d6c80000)
  from space 2560K, 99% used [0x00000000d6f00000,0x00000000d717ee68,0x00000000d7180000)
  to   space 2048K, 0% used [0x00000000d7180000,0x00000000d7180000,0x00000000d7380000)
 ParOldGen       total 68608K, used 13153K [0x0000000080000000, 0x0000000084300000, 0x00000000d5580000)
  object space 68608K, 19% used [0x0000000080000000,0x0000000080cd8468,0x0000000084300000)
 Metaspace       used 28001K, committed 28864K, reserved 1114112K
  class space    used 2773K, committed 3136K, reserved 1048576K
}
Event: 12.239 GC heap after
{Heap after GC invocations=11 (full 1):
 PSYoungGen      total 25088K, used 1587K [0x00000000d5580000, 0x00000000d7380000, 0x0000000100000000)
  eden space 23040K, 0% used [0x00000000d5580000,0x00000000d5580000,0x00000000d6c00000)
  from space 2048K, 77% used [0x00000000d7180000,0x00000000d730cc98,0x00000000d7380000)
  to   space 2048K, 0% used [0x00000000d6f80000,0x00000000d6f80000,0x00000000d7180000)
 ParOldGen       total 68608K, used 14460K [0x0000000080000000, 0x0000000084300000, 0x00000000d5580000)
  object space 68608K, 21% used [0x0000000080000000,0x0000000080e1f180,0x0000000084300000)
 Metaspace       used 28001K, committed 28864K, reserved 1114112K
  class space    used 2773K, committed 3136K, reserved 1048576K
}
Event: 12.959 GC heap before
{Heap before GC invocations=12 (full 1):
 PSYoungGen      total 25088K, used 24627K [0x00000000d5580000, 0x00000000d7380000, 0x0000000100000000)
  eden space 23040K, 100% used [0x00000000d5580000,0x00000000d6c00000,0x00000000d6c00000)
  from space 2048K, 77% used [0x00000000d7180000,0x00000000d730cc98,0x00000000d7380000)
  to   space 2048K, 0% used [0x00000000d6f80000,0x00000000d6f80000,0x00000000d7180000)
 ParOldGen       total 68608K, used 14460K [0x0000000080000000, 0x0000000084300000, 0x00000000d5580000)
  object space 68608K, 21% used [0x0000000080000000,0x0000000080e1f180,0x0000000084300000)
 Metaspace       used 31627K, committed 32576K, reserved 1114112K
  class space    used 3200K, committed 3584K, reserved 1048576K
}
Event: 12.968 GC heap after
{Heap after GC invocations=12 (full 1):
 PSYoungGen      total 24576K, used 1536K [0x00000000d5580000, 0x00000000d7200000, 0x0000000100000000)
  eden space 22528K, 0% used [0x00000000d5580000,0x00000000d5580000,0x00000000d6b80000)
  from space 2048K, 75% used [0x00000000d6f80000,0x00000000d71001a8,0x00000000d7180000)
  to   space 512K, 0% used [0x00000000d7180000,0x00000000d7180000,0x00000000d7200000)
 ParOldGen       total 68608K, used 15847K [0x0000000080000000, 0x0000000084300000, 0x00000000d5580000)
  object space 68608K, 23% used [0x0000000080000000,0x0000000080f79eb0,0x0000000084300000)
 Metaspace       used 31627K, committed 32576K, reserved 1114112K
  class space    used 3200K, committed 3584K, reserved 1048576K
}
Event: 13.743 GC heap before
{Heap before GC invocations=13 (full 1):
 PSYoungGen      total 24576K, used 24064K [0x00000000d5580000, 0x00000000d7200000, 0x0000000100000000)
  eden space 22528K, 100% used [0x00000000d5580000,0x00000000d6b80000,0x00000000d6b80000)
  from space 2048K, 75% used [0x00000000d6f80000,0x00000000d71001a8,0x00000000d7180000)
  to   space 512K, 0% used [0x00000000d7180000,0x00000000d7180000,0x00000000d7200000)
 ParOldGen       total 68608K, used 15847K [0x0000000080000000, 0x0000000084300000, 0x00000000d5580000)
  object space 68608K, 23% used [0x0000000080000000,0x0000000080f79eb0,0x0000000084300000)
 Metaspace       used 33324K, committed 34368K, reserved 1114112K
  class space    used 3427K, committed 3904K, reserved 1048576K
}
Event: 13.748 GC heap after
{Heap after GC invocations=13 (full 1):
 PSYoungGen      total 22528K, used 480K [0x00000000d5580000, 0x00000000d7200000, 0x0000000100000000)
  eden space 22016K, 0% used [0x00000000d5580000,0x00000000d5580000,0x00000000d6b00000)
  from space 512K, 93% used [0x00000000d7180000,0x00000000d71f8288,0x00000000d7200000)
  to   space 2560K, 0% used [0x00000000d6d00000,0x00000000d6d00000,0x00000000d6f80000)
 ParOldGen       total 68608K, used 17454K [0x0000000080000000, 0x0000000084300000, 0x00000000d5580000)
  object space 68608K, 25% used [0x0000000080000000,0x000000008110bab0,0x0000000084300000)
 Metaspace       used 33324K, committed 34368K, reserved 1114112K
  class space    used 3427K, committed 3904K, reserved 1048576K
}
Event: 14.053 GC heap before
{Heap before GC invocations=14 (full 1):
 PSYoungGen      total 22528K, used 16578K [0x00000000d5580000, 0x00000000d7200000, 0x0000000100000000)
  eden space 22016K, 73% used [0x00000000d5580000,0x00000000d65387f8,0x00000000d6b00000)
  from space 512K, 93% used [0x00000000d7180000,0x00000000d71f8288,0x00000000d7200000)
  to   space 2560K, 0% used [0x00000000d6d00000,0x00000000d6d00000,0x00000000d6f80000)
 ParOldGen       total 68608K, used 17454K [0x0000000080000000, 0x0000000084300000, 0x00000000d5580000)
  object space 68608K, 25% used [0x0000000080000000,0x000000008110bab0,0x0000000084300000)
 Metaspace       used 34769K, committed 35840K, reserved 1114112K
  class space    used 3594K, committed 4096K, reserved 1048576K
}
Event: 14.055 GC heap after
{Heap after GC invocations=14 (full 1):
 PSYoungGen      total 24576K, used 1284K [0x00000000d5580000, 0x00000000d7200000, 0x0000000100000000)
  eden space 22016K, 0% used [0x00000000d5580000,0x00000000d5580000,0x00000000d6b00000)
  from space 2560K, 50% used [0x00000000d6d00000,0x00000000d6e41008,0x00000000d6f80000)
  to   space 2048K, 0% used [0x00000000d7000000,0x00000000d7000000,0x00000000d7200000)
 ParOldGen       total 68608K, used 17890K [0x0000000080000000, 0x0000000084300000, 0x00000000d5580000)
  object space 68608K, 26% used [0x0000000080000000,0x0000000081178be0,0x0000000084300000)
 Metaspace       used 34769K, committed 35840K, reserved 1114112K
  class space    used 3594K, committed 4096K, reserved 1048576K
}
Event: 14.055 GC heap before
{Heap before GC invocations=15 (full 2):
 PSYoungGen      total 24576K, used 1284K [0x00000000d5580000, 0x00000000d7200000, 0x0000000100000000)
  eden space 22016K, 0% used [0x00000000d5580000,0x00000000d5580000,0x00000000d6b00000)
  from space 2560K, 50% used [0x00000000d6d00000,0x00000000d6e41008,0x00000000d6f80000)
  to   space 2048K, 0% used [0x00000000d7000000,0x00000000d7000000,0x00000000d7200000)
 ParOldGen       total 68608K, used 17890K [0x0000000080000000, 0x0000000084300000, 0x00000000d5580000)
  object space 68608K, 26% used [0x0000000080000000,0x0000000081178be0,0x0000000084300000)
 Metaspace       used 34769K, committed 35840K, reserved 1114112K
  class space    used 3594K, committed 4096K, reserved 1048576K
}
Event: 14.155 GC heap after
{Heap after GC invocations=15 (full 2):
 PSYoungGen      total 24576K, used 0K [0x00000000d5580000, 0x00000000d7200000, 0x0000000100000000)
  eden space 22016K, 0% used [0x00000000d5580000,0x00000000d5580000,0x00000000d6b00000)
  from space 2560K, 0% used [0x00000000d6d00000,0x00000000d6d00000,0x00000000d6f80000)
  to   space 2048K, 0% used [0x00000000d7000000,0x00000000d7000000,0x00000000d7200000)
 ParOldGen       total 68608K, used 18270K [0x0000000080000000, 0x0000000084300000, 0x00000000d5580000)
  object space 68608K, 26% used [0x0000000080000000,0x00000000811d79f8,0x0000000084300000)
 Metaspace       used 34746K, committed 35840K, reserved 1114112K
  class space    used 3587K, committed 4096K, reserved 1048576K
}
Event: 14.661 GC heap before
{Heap before GC invocations=16 (full 2):
 PSYoungGen      total 24576K, used 22016K [0x00000000d5580000, 0x00000000d7200000, 0x0000000100000000)
  eden space 22016K, 100% used [0x00000000d5580000,0x00000000d6b00000,0x00000000d6b00000)
  from space 2560K, 0% used [0x00000000d6d00000,0x00000000d6d00000,0x00000000d6f80000)
  to   space 2048K, 0% used [0x00000000d7000000,0x00000000d7000000,0x00000000d7200000)
 ParOldGen       total 68608K, used 18270K [0x0000000080000000, 0x0000000084300000, 0x00000000d5580000)
  object space 68608K, 26% used [0x0000000080000000,0x00000000811d79f8,0x0000000084300000)
 Metaspace       used 37306K, committed 38400K, reserved 1114112K
  class space    used 3932K, committed 4416K, reserved 1048576K
}
Event: 14.664 GC heap after
{Heap after GC invocations=16 (full 2):
 PSYoungGen      total 24064K, used 1840K [0x00000000d5580000, 0x00000000d7200000, 0x0000000100000000)
  eden space 22016K, 0% used [0x00000000d5580000,0x00000000d5580000,0x00000000d6b00000)
  from space 2048K, 89% used [0x00000000d7000000,0x00000000d71cc010,0x00000000d7200000)
  to   space 2048K, 0% used [0x00000000d6e00000,0x00000000d6e00000,0x00000000d7000000)
 ParOldGen       total 68608K, used 18278K [0x0000000080000000, 0x0000000084300000, 0x00000000d5580000)
  object space 68608K, 26% used [0x0000000080000000,0x00000000811d99f8,0x0000000084300000)
 Metaspace       used 37306K, committed 38400K, reserved 1114112K
  class space    used 3932K, committed 4416K, reserved 1048576K
}

Dll operation events (10 events):
Event: 0.078 Loaded shared library c:\Users\akhil\.cursor\extensions\redhat.java-1.44.0-win32-x64\jre\21.0.8-win32-x86_64\bin\java.dll
Event: 0.455 Loaded shared library c:\Users\akhil\.cursor\extensions\redhat.java-1.44.0-win32-x64\jre\21.0.8-win32-x86_64\bin\zip.dll
Event: 0.511 Loaded shared library C:\Users\akhil\.cursor\extensions\redhat.java-1.44.0-win32-x64\jre\21.0.8-win32-x86_64\bin\instrument.dll
Event: 0.525 Loaded shared library C:\Users\akhil\.cursor\extensions\redhat.java-1.44.0-win32-x64\jre\21.0.8-win32-x86_64\bin\net.dll
Event: 0.533 Loaded shared library C:\Users\akhil\.cursor\extensions\redhat.java-1.44.0-win32-x64\jre\21.0.8-win32-x86_64\bin\nio.dll
Event: 0.537 Loaded shared library C:\Users\akhil\.cursor\extensions\redhat.java-1.44.0-win32-x64\jre\21.0.8-win32-x86_64\bin\zip.dll
Event: 0.600 Loaded shared library C:\Users\akhil\.cursor\extensions\redhat.java-1.44.0-win32-x64\jre\21.0.8-win32-x86_64\bin\jimage.dll
Event: 1.037 Loaded shared library c:\Users\akhil\.cursor\extensions\redhat.java-1.44.0-win32-x64\jre\21.0.8-win32-x86_64\bin\verify.dll
Event: 4.518 Loaded shared library C:\Users\akhil\AppData\Roaming\Cursor\User\globalStorage\redhat.java\1.44.0\config_win\org.eclipse.equinox.launcher\org.eclipse.equinox.launcher.win32.win32.x86_64_1.2.1400.v20250730-1736\eclipse_11913.dll
Event: 8.951 Loaded shared library C:\Users\akhil\AppData\Local\Temp\jna-92872481\jna6642237956303913716.dll

Deoptimization events (20 events):
Event: 14.170 Thread 0x000001d8733f41d0 Uncommon trap: trap_request=0xffffff45 fr.pc=0x000001d807c7675c relative=0x000000000000259c
Event: 14.170 Thread 0x000001d8733f41d0 Uncommon trap: reason=unstable_if action=reinterpret pc=0x000001d807c7675c method=jdk.internal.jimage.ImageLocation.verifyName(Ljava/lang/String;Ljava/lang/String;IIIIIILjdk/internal/jimage/ImageStrings;)Z @ 2 c2
Event: 14.170 Thread 0x000001d8733f41d0 DEOPT PACKING pc=0x000001d807c7675c sp=0x000000d4e86f8c60
Event: 14.170 Thread 0x000001d8733f41d0 DEOPT UNPACKING pc=0x000001d807583aa2 sp=0x000000d4e86f89a8 mode 2
Event: 14.179 Thread 0x000001d87dcb06d0 Uncommon trap: trap_request=0xffffff45 fr.pc=0x000001d807bc5ea0 relative=0x0000000000000540
Event: 14.179 Thread 0x000001d87dcb06d0 Uncommon trap: reason=unstable_if action=reinterpret pc=0x000001d807bc5ea0 method=java.util.Properties$LineReader.readLine()I @ 318 c2
Event: 14.179 Thread 0x000001d87dcb06d0 DEOPT PACKING pc=0x000001d807bc5ea0 sp=0x000000d4eabfec20
Event: 14.179 Thread 0x000001d87dcb06d0 DEOPT UNPACKING pc=0x000001d807583aa2 sp=0x000000d4eabfebb8 mode 2
Event: 14.368 Thread 0x000001d87dcb06d0 Uncommon trap: trap_request=0xffffff45 fr.pc=0x000001d807bdc38c relative=0x00000000000000ec
Event: 14.368 Thread 0x000001d87dcb06d0 Uncommon trap: reason=unstable_if action=reinterpret pc=0x000001d807bdc38c method=java.util.concurrent.locks.ReentrantLock$NonfairSync.initialTryLock()Z @ 25 c2
Event: 14.368 Thread 0x000001d87dcb06d0 DEOPT PACKING pc=0x000001d807bdc38c sp=0x000000d4eabff100
Event: 14.368 Thread 0x000001d87dcb06d0 DEOPT UNPACKING pc=0x000001d807583aa2 sp=0x000000d4eabfefc8 mode 2
Event: 14.444 Thread 0x000001d87d6667c0 Uncommon trap: trap_request=0xffffff45 fr.pc=0x000001d807b47fc0 relative=0x00000000000002c0
Event: 14.444 Thread 0x000001d87d6667c0 Uncommon trap: reason=unstable_if action=reinterpret pc=0x000001d807b47fc0 method=com.google.gson.stream.JsonReader.doPeek()I @ 331 c2
Event: 14.444 Thread 0x000001d87d6667c0 DEOPT PACKING pc=0x000001d807b47fc0 sp=0x000000d4ea6ff1b0
Event: 14.444 Thread 0x000001d87d6667c0 DEOPT UNPACKING pc=0x000001d807583aa2 sp=0x000000d4ea6ff128 mode 2
Event: 14.444 Thread 0x000001d87d6667c0 Uncommon trap: trap_request=0xffffff45 fr.pc=0x000001d807b40324 relative=0x00000000000001e4
Event: 14.444 Thread 0x000001d87d6667c0 Uncommon trap: reason=unstable_if action=reinterpret pc=0x000001d807b40324 method=com.google.gson.stream.JsonReader.nextNonWhitespace(Z)I @ 32 c2
Event: 14.444 Thread 0x000001d87d6667c0 DEOPT PACKING pc=0x000001d807b40324 sp=0x000000d4ea6ff110
Event: 14.444 Thread 0x000001d87d6667c0 DEOPT UNPACKING pc=0x000001d807583aa2 sp=0x000000d4ea6ff098 mode 2

Classes loaded (20 events):
Event: 14.572 Loading class sun/reflect/generics/scope/MethodScope
Event: 14.572 Loading class sun/reflect/generics/scope/MethodScope done
Event: 14.572 Loading class sun/reflect/generics/repository/MethodRepository
Event: 14.572 Loading class sun/reflect/generics/repository/ConstructorRepository
Event: 14.572 Loading class sun/reflect/generics/repository/ConstructorRepository done
Event: 14.573 Loading class sun/reflect/generics/repository/MethodRepository done
Event: 14.573 Loading class sun/reflect/generics/tree/MethodTypeSignature
Event: 14.573 Loading class sun/reflect/generics/tree/MethodTypeSignature done
Event: 14.621 Loading class jdk/internal/vm/annotation/IntrinsicCandidate
Event: 14.621 Loading class jdk/internal/vm/annotation/IntrinsicCandidate done
Event: 14.654 Loading class java/util/concurrent/CompletionService
Event: 14.655 Loading class java/util/concurrent/CompletionService done
Event: 15.811 Loading class sun/reflect/generics/tree/BooleanSignature
Event: 15.811 Loading class sun/reflect/generics/tree/BooleanSignature done
Event: 15.811 Loading class sun/reflect/generics/tree/ArrayTypeSignature
Event: 15.811 Loading class sun/reflect/generics/tree/ArrayTypeSignature done
Event: 15.829 Loading class sun/reflect/generics/scope/ConstructorScope
Event: 15.830 Loading class sun/reflect/generics/scope/ConstructorScope done
Event: 15.830 Loading class sun/reflect/generics/tree/VoidDescriptor
Event: 15.830 Loading class sun/reflect/generics/tree/VoidDescriptor done

Classes unloaded (20 events):
Event: 10.534 Thread 0x000001d87346da00 Unloading class 0x000001d8101aa000 'java/lang/invoke/LambdaForm$MH+0x000001d8101aa000'
Event: 10.534 Thread 0x000001d87346da00 Unloading class 0x000001d8101a9c00 'java/lang/invoke/LambdaForm$MH+0x000001d8101a9c00'
Event: 10.534 Thread 0x000001d87346da00 Unloading class 0x000001d8101a9800 'java/lang/invoke/LambdaForm$MH+0x000001d8101a9800'
Event: 10.534 Thread 0x000001d87346da00 Unloading class 0x000001d8101a9400 'java/lang/invoke/LambdaForm$MH+0x000001d8101a9400'
Event: 10.534 Thread 0x000001d87346da00 Unloading class 0x000001d8101a9000 'java/lang/invoke/LambdaForm$BMH+0x000001d8101a9000'
Event: 10.534 Thread 0x000001d87346da00 Unloading class 0x000001d8101a8c00 'java/lang/invoke/LambdaForm$DMH+0x000001d8101a8c00'
Event: 10.534 Thread 0x000001d87346da00 Unloading class 0x000001d8101a3800 'java/lang/invoke/LambdaForm$DMH+0x000001d8101a3800'
Event: 14.065 Thread 0x000001d87346da00 Unloading class 0x000001d8102e2c00 'java/lang/invoke/LambdaForm$MH+0x000001d8102e2c00'
Event: 14.065 Thread 0x000001d87346da00 Unloading class 0x000001d8102e2000 'java/lang/invoke/LambdaForm$MH+0x000001d8102e2000'
Event: 14.065 Thread 0x000001d87346da00 Unloading class 0x000001d8102e1800 'java/lang/invoke/LambdaForm$MH+0x000001d8102e1800'
Event: 14.065 Thread 0x000001d87346da00 Unloading class 0x000001d8102e1400 'java/lang/invoke/LambdaForm$MH+0x000001d8102e1400'
Event: 14.065 Thread 0x000001d87346da00 Unloading class 0x000001d8102e0400 'java/lang/invoke/LambdaForm$MH+0x000001d8102e0400'
Event: 14.065 Thread 0x000001d87346da00 Unloading class 0x000001d8102dac00 'java/lang/invoke/LambdaForm$MH+0x000001d8102dac00'
Event: 14.065 Thread 0x000001d87346da00 Unloading class 0x000001d8102da400 'java/lang/invoke/LambdaForm$MH+0x000001d8102da400'
Event: 14.065 Thread 0x000001d87346da00 Unloading class 0x000001d8102d9c00 'java/lang/invoke/LambdaForm$MH+0x000001d8102d9c00'
Event: 14.065 Thread 0x000001d87346da00 Unloading class 0x000001d8102d9400 'java/lang/invoke/LambdaForm$MH+0x000001d8102d9400'
Event: 14.065 Thread 0x000001d87346da00 Unloading class 0x000001d8102d8c00 'java/lang/invoke/LambdaForm$MH+0x000001d8102d8c00'
Event: 14.065 Thread 0x000001d87346da00 Unloading class 0x000001d8102d8000 'java/lang/invoke/LambdaForm$MH+0x000001d8102d8000'
Event: 14.065 Thread 0x000001d87346da00 Unloading class 0x000001d8102d5c00 'java/lang/invoke/LambdaForm$MH+0x000001d8102d5c00'
Event: 14.065 Thread 0x000001d87346da00 Unloading class 0x000001d8102d5000 'java/lang/invoke/LambdaForm$DMH+0x000001d8102d5000'

Classes redefined (0 events):
No events

Internal exceptions (20 events):
Event: 11.747 Thread 0x000001d87d666130 Exception <a 'java/lang/NoSuchMethodError'{0x00000000d6132c98}: 'java.lang.Object java.lang.invoke.DirectMethodHandle$Holder.invokeSpecialIFC(java.lang.Object, java.lang.Object, java.lang.Object, java.lang.Object)'> (0x00000000d6132c98) 
thrown [s\src\hotspot\share\interpreter\linkResolver.cpp, line 773]
Event: 11.754 Thread 0x000001d87cd41c40 Exception <a 'java/io/FileNotFoundException'{0x00000000d6189968}> (0x00000000d6189968) 
thrown [s\src\hotspot\share\prims\jni.cpp, line 520]
Event: 12.434 Thread 0x000001d87cd41c40 Exception <a 'java/lang/ClassNotFoundException'{0x00000000d5a87798}: com/sun/org/apache/xerces/internal/impl/msg/spi/DOMMessagesProvider> (0x00000000d5a87798) 
thrown [s\src\hotspot\share\classfile\systemDictionary.cpp, line 312]
Event: 12.436 Thread 0x000001d87cd41c40 Exception <a 'java/lang/ClassNotFoundException'{0x00000000d5a98f00}: com/sun/org/apache/xerces/internal/impl/msg/spi/XMLSerializerMessagesProvider> (0x00000000d5a98f00) 
thrown [s\src\hotspot\share\classfile\systemDictionary.cpp, line 312]
Event: 12.437 Thread 0x000001d87cd41c40 Exception <a 'java/lang/ClassNotFoundException'{0x00000000d5aa61d0}: com/sun/org/apache/xerces/internal/impl/msg/spi/XMLMessagesProvider> (0x00000000d5aa61d0) 
thrown [s\src\hotspot\share\classfile\systemDictionary.cpp, line 312]
Event: 12.920 Thread 0x000001d87d666130 Exception <a 'java/lang/NoClassDefFoundError'{0x00000000d69d2640}: javax/enterprise/inject/Typed> (0x00000000d69d2640) 
thrown [s\src\hotspot\share\classfile\systemDictionary.cpp, line 301]
Event: 12.939 Thread 0x000001d87cd41c40 Exception <a 'java/lang/ClassNotFoundException'{0x00000000d6a670b0}: com/sun/org/apache/xml/internal/serializer/spi/XMLEntitiesProvider> (0x00000000d6a670b0) 
thrown [s\src\hotspot\share\classfile\systemDictionary.cpp, line 312]
Event: 13.553 Thread 0x000001d87cd41c40 Exception <a 'java/io/FileNotFoundException'{0x00000000d65cc270}> (0x00000000d65cc270) 
thrown [s\src\hotspot\share\prims\jni.cpp, line 520]
Event: 13.604 Thread 0x000001d87cd41c40 Exception <a 'java/lang/UnsatisfiedLinkError'{0x00000000d67fa808}: The specified procedure could not be found.
> (0x00000000d67fa808) 
thrown [s\src\hotspot\share\prims\jni.cpp, line 539]
Event: 13.616 Thread 0x000001d87cd41c40 Exception <a 'java/io/FileNotFoundException'{0x00000000d6812488}> (0x00000000d6812488) 
thrown [s\src\hotspot\share\prims\jni.cpp, line 520]
Event: 13.671 Thread 0x000001d87cd41c40 Exception <a 'java/io/FileNotFoundException'{0x00000000d6917870}> (0x00000000d6917870) 
thrown [s\src\hotspot\share\prims\jni.cpp, line 520]
Event: 13.686 Thread 0x000001d87cd41c40 Exception <a 'java/lang/UnsatisfiedLinkError'{0x00000000d69877d8}: The specified procedure could not be found.
> (0x00000000d69877d8) 
thrown [s\src\hotspot\share\prims\jni.cpp, line 539]
Event: 13.919 Thread 0x000001d87d6667c0 Exception <a 'java/lang/NoSuchMethodError'{0x00000000d5b9b7e0}: 'void java.lang.invoke.DirectMethodHandle$Holder.invokeStaticInit(java.lang.Object, java.lang.Object, java.lang.Object, java.lang.Object)'> (0x00000000d5b9b7e0) 
thrown [s\src\hotspot\share\interpreter\linkResolver.cpp, line 773]
Event: 14.283 Thread 0x000001d8733f41d0 Exception <a 'java/lang/NoSuchMethodError'{0x00000000d5be2f80}: 'java.lang.Object java.lang.invoke.DirectMethodHandle$Holder.invokeStatic(java.lang.Object, long, java.lang.Object)'> (0x00000000d5be2f80) 
thrown [s\src\hotspot\share\interpreter\linkResolver.cpp, line 773]
Event: 14.285 Thread 0x000001d8733f41d0 Exception <a 'java/lang/NoSuchMethodError'{0x00000000d5c09a80}: 'java.lang.Object java.lang.invoke.DirectMethodHandle$Holder.invokeStaticInit(java.lang.Object, long, java.lang.Object)'> (0x00000000d5c09a80) 
thrown [s\src\hotspot\share\interpreter\linkResolver.cpp, line 773]
Event: 14.286 Thread 0x000001d8733f41d0 Exception <a 'java/lang/NoSuchMethodError'{0x00000000d5c2cef8}: 'java.lang.Object java.lang.invoke.DirectMethodHandle$Holder.newInvokeSpecial(java.lang.Object, long)'> (0x00000000d5c2cef8) 
thrown [s\src\hotspot\share\interpreter\linkResolver.cpp, line 773]
Event: 14.327 Thread 0x000001d87dcb0040 Exception <a 'java/io/FileNotFoundException'{0x00000000d5e91af0}> (0x00000000d5e91af0) 
thrown [s\src\hotspot\share\prims\jni.cpp, line 520]
Event: 15.899 Thread 0x000001d8733f41d0 Exception <a 'java/lang/NoSuchMethodError'{0x00000000d60a33e0}: 'void java.lang.invoke.DirectMethodHandle$Holder.invokeSpecial(java.lang.Object, java.lang.Object, java.lang.Object, java.lang.Object, java.lang.Object, java.lang.Object)'> (0x00000000d60a33e0) 
thrown [s\src\hotspot\share\interpreter\linkResolver.cpp, line 773]
Event: 15.900 Thread 0x000001d8733f41d0 Exception <a 'java/lang/IncompatibleClassChangeError'{0x00000000d60ab7a0}: Found class java.lang.Object, but interface was expected> (0x00000000d60ab7a0) 
thrown [s\src\hotspot\share\interpreter\linkResolver.cpp, line 840]
Event: 15.901 Thread 0x000001d8733f41d0 Exception <a 'java/lang/IncompatibleClassChangeError'{0x00000000d60ad528}: Found class java.lang.Object, but interface was expected> (0x00000000d60ad528) 
thrown [s\src\hotspot\share\interpreter\linkResolver.cpp, line 840]

ZGC Phase Switch (0 events):
No events

VM Operations (20 events):
Event: 12.744 Executing VM operation: HandshakeAllThreads (Deoptimize) done
Event: 12.887 Executing VM operation: HandshakeAllThreads (Deoptimize)
Event: 12.887 Executing VM operation: HandshakeAllThreads (Deoptimize) done
Event: 12.936 Executing VM operation: HandshakeAllThreads (Deoptimize)
Event: 12.936 Executing VM operation: HandshakeAllThreads (Deoptimize) done
Event: 12.949 Executing VM operation: HandshakeAllThreads (Deoptimize)
Event: 12.950 Executing VM operation: HandshakeAllThreads (Deoptimize) done
Event: 12.958 Executing VM operation: ParallelGCFailedAllocation (Allocation Failure)
Event: 12.968 Executing VM operation: ParallelGCFailedAllocation (Allocation Failure) done
Event: 13.060 Executing VM operation: HandshakeAllThreads (Deoptimize)
Event: 13.061 Executing VM operation: HandshakeAllThreads (Deoptimize) done
Event: 13.742 Executing VM operation: ParallelGCFailedAllocation (Allocation Failure)
Event: 13.748 Executing VM operation: ParallelGCFailedAllocation (Allocation Failure) done
Event: 14.053 Executing VM operation: CollectForMetadataAllocation (Metadata GC Threshold)
Event: 14.155 Executing VM operation: CollectForMetadataAllocation (Metadata GC Threshold) done
Event: 14.563 Executing VM operation: HandshakeAllThreads (Deoptimize)
Event: 14.563 Executing VM operation: HandshakeAllThreads (Deoptimize) done
Event: 14.661 Executing VM operation: ParallelGCFailedAllocation (Allocation Failure)
Event: 14.664 Executing VM operation: ParallelGCFailedAllocation (Allocation Failure) done
Event: 16.668 Executing VM operation: Cleanup

Memory protections (0 events):
No events

Nmethod flushes (20 events):
Event: 14.110 Thread 0x000001d87346da00 flushing  nmethod 0x000001d8006aa890
Event: 14.110 Thread 0x000001d87346da00 flushing  nmethod 0x000001d8006ab090
Event: 14.110 Thread 0x000001d87346da00 flushing  nmethod 0x000001d8006abd10
Event: 14.110 Thread 0x000001d87346da00 flushing  nmethod 0x000001d8006ada90
Event: 14.110 Thread 0x000001d87346da00 flushing  nmethod 0x000001d8006aef90
Event: 14.110 Thread 0x000001d87346da00 flushing  nmethod 0x000001d8006af410
Event: 14.110 Thread 0x000001d87346da00 flushing  nmethod 0x000001d8006afe90
Event: 14.110 Thread 0x000001d87346da00 flushing  nmethod 0x000001d8006b0690
Event: 14.110 Thread 0x000001d87346da00 flushing  nmethod 0x000001d8006b1610
Event: 14.110 Thread 0x000001d87346da00 flushing  nmethod 0x000001d8006de710
Event: 14.110 Thread 0x000001d87346da00 flushing  nmethod 0x000001d8006ecb10
Event: 14.110 Thread 0x000001d87346da00 flushing  nmethod 0x000001d8006fc610
Event: 14.110 Thread 0x000001d87346da00 flushing  nmethod 0x000001d8006ff390
Event: 14.110 Thread 0x000001d87346da00 flushing  nmethod 0x000001d800706810
Event: 14.110 Thread 0x000001d87346da00 flushing  nmethod 0x000001d800710810
Event: 14.110 Thread 0x000001d87346da00 flushing  nmethod 0x000001d800762a90
Event: 14.110 Thread 0x000001d87346da00 flushing  nmethod 0x000001d80078dc90
Event: 14.110 Thread 0x000001d87346da00 flushing  nmethod 0x000001d8007a7f90
Event: 14.110 Thread 0x000001d87346da00 flushing  nmethod 0x000001d8007a8690
Event: 14.110 Thread 0x000001d87346da00 flushing  nmethod 0x000001d8007d2b90

Events (20 events):
Event: 7.550 Thread 0x000001d87cd41c40 Thread added: 0x000001d87d6695b0
Event: 9.034 Thread 0x000001d87cd41c40 Thread added: 0x000001d87d667b70
Event: 9.134 Thread 0x000001d87cd41c40 Thread added: 0x000001d87d668890
Event: 9.206 Thread 0x000001d87cd41c40 Thread added: 0x000001d87d666130
Event: 11.516 Thread 0x000001d87d666130 Thread added: 0x000001d87d6667c0
Event: 11.726 Thread 0x000001d87d6667c0 Thread added: 0x000001d87dcb0040
Event: 12.456 Thread 0x000001d87cd41c40 Thread added: 0x000001d87dcb3b50
Event: 13.805 Thread 0x000001d87d6667c0 Thread added: 0x000001d87dcb06d0
Event: 14.169 Thread 0x000001d87dcb06d0 Thread added: 0x000001d87dcb13f0
Event: 14.344 Thread 0x000001d8733f41d0 Thread added: 0x000001d87dcb2110
Event: 14.345 Thread 0x000001d8733f41d0 Thread added: 0x000001d87dcb27a0
Event: 14.345 Thread 0x000001d8733f41d0 Thread added: 0x000001d87dcb41e0
Event: 14.345 Thread 0x000001d8733f41d0 Thread added: 0x000001d87dcb2e30
Event: 14.345 Thread 0x000001d8733f41d0 Thread added: 0x000001d87dcb1a80
Event: 14.345 Thread 0x000001d8733f41d0 Thread added: 0x000001d87dcb0d60
Event: 14.345 Thread 0x000001d8733f41d0 Thread added: 0x000001d87dcb4f00
Event: 14.346 Thread 0x000001d8733f41d0 Thread added: 0x000001d87dcb4870
Event: 14.346 Thread 0x000001d8733f41d0 Thread added: 0x000001d87dcb5590
Event: 14.534 Thread 0x000001d8733f41d0 Thread added: 0x000001d87dcb5c20
Event: 15.510 Thread 0x000001d87d6674e0 Thread exited: 0x000001d87d6674e0


Dynamic libraries:
0x00007ff6756f0000 - 0x00007ff6756fe000 	c:\Users\akhil\.cursor\extensions\redhat.java-1.44.0-win32-x64\jre\21.0.8-win32-x86_64\bin\java.exe
0x00007ffb0faa0000 - 0x00007ffb0fd08000 	C:\WINDOWS\SYSTEM32\ntdll.dll
0x00007ffb0e800000 - 0x00007ffb0e8c9000 	C:\WINDOWS\System32\KERNEL32.DLL
0x00007ffb0cf80000 - 0x00007ffb0d36d000 	C:\WINDOWS\System32\KERNELBASE.dll
0x00007ffb06dd0000 - 0x00007ffb06e6e000 	C:\WINDOWS\SYSTEM32\apphelp.dll
0x00007ffb0ce30000 - 0x00007ffb0cf7b000 	C:\WINDOWS\System32\ucrtbase.dll
0x00007ffab84a0000 - 0x00007ffab84b8000 	c:\Users\akhil\.cursor\extensions\redhat.java-1.44.0-win32-x64\jre\21.0.8-win32-x86_64\bin\jli.dll
0x00007ffb0f6b0000 - 0x00007ffb0f87c000 	C:\WINDOWS\System32\USER32.dll
0x00007ffb0d370000 - 0x00007ffb0d397000 	C:\WINDOWS\System32\win32u.dll
0x00007ffb0d840000 - 0x00007ffb0d86b000 	C:\WINDOWS\System32\GDI32.dll
0x00007ffb0d700000 - 0x00007ffb0d837000 	C:\WINDOWS\System32\gdi32full.dll
0x00007ffabc030000 - 0x00007ffabc04e000 	c:\Users\akhil\.cursor\extensions\redhat.java-1.44.0-win32-x64\jre\21.0.8-win32-x86_64\bin\VCRUNTIME140.dll
0x00007ffb0d650000 - 0x00007ffb0d6f3000 	C:\WINDOWS\System32\msvcp_win.dll
0x00007ffae50b0000 - 0x00007ffae534a000 	C:\WINDOWS\WinSxS\amd64_microsoft.windows.common-controls_6595b64144ccf1df_6.0.26100.4484_none_3e0e6d4ce32ef3b3\COMCTL32.dll
0x00007ffb0d9d0000 - 0x00007ffb0da79000 	C:\WINDOWS\System32\msvcrt.dll
0x00007ffb0d990000 - 0x00007ffb0d9bf000 	C:\WINDOWS\System32\IMM32.DLL
0x00000000601e0000 - 0x00000000601ec000 	C:\Program Files (x86)\360\Total Security\safemon\SafeWrapper.dll
0x00007ffb0e740000 - 0x00007ffb0e7f4000 	C:\WINDOWS\System32\ADVAPI32.dll
0x00007ffb0e8d0000 - 0x00007ffb0e976000 	C:\WINDOWS\System32\sechost.dll
0x00007ffb0db80000 - 0x00007ffb0dc98000 	C:\WINDOWS\System32\RPCRT4.dll
0x00007ffad7880000 - 0x00007ffad792c000 	C:\Program Files (x86)\360\Total Security\safemon\libzdtp64.dll
0x00007ffb0df60000 - 0x00007ffb0e6aa000 	C:\WINDOWS\System32\SHELL32.dll
0x00007ffb0cbf0000 - 0x00007ffb0cd64000 	C:\WINDOWS\System32\wintypes.dll
0x00007ffb0ee80000 - 0x00007ffb0f206000 	C:\WINDOWS\System32\combase.dll
0x00007ffb0f9f0000 - 0x00007ffb0fa5a000 	C:\WINDOWS\System32\SHLWAPI.dll
0x00007ffb0c6d0000 - 0x00007ffb0c6db000 	C:\WINDOWS\SYSTEM32\VERSION.dll
0x00007ffafb1a0000 - 0x00007ffafb1ac000 	c:\Users\akhil\.cursor\extensions\redhat.java-1.44.0-win32-x64\jre\21.0.8-win32-x86_64\bin\vcruntime140_1.dll
0x00007ffa961e0000 - 0x00007ffa9626d000 	c:\Users\akhil\.cursor\extensions\redhat.java-1.44.0-win32-x64\jre\21.0.8-win32-x86_64\bin\msvcp140.dll
0x00007ffa521e0000 - 0x00007ffa52f77000 	c:\Users\akhil\.cursor\extensions\redhat.java-1.44.0-win32-x64\jre\21.0.8-win32-x86_64\bin\server\jvm.dll
0x00007ffb0db00000 - 0x00007ffb0db74000 	C:\WINDOWS\System32\WS2_32.dll
0x00007ffb0ca40000 - 0x00007ffb0ca9e000 	C:\WINDOWS\SYSTEM32\POWRPROF.dll
0x00007ffb026a0000 - 0x00007ffb026d5000 	C:\WINDOWS\SYSTEM32\WINMM.dll
0x00007ffb0ca10000 - 0x00007ffb0ca24000 	C:\WINDOWS\SYSTEM32\UMPDC.dll
0x00007ffb0b900000 - 0x00007ffb0b91b000 	C:\WINDOWS\SYSTEM32\kernel.appcore.dll
0x00007ffaf45c0000 - 0x00007ffaf45ca000 	c:\Users\akhil\.cursor\extensions\redhat.java-1.44.0-win32-x64\jre\21.0.8-win32-x86_64\bin\jimage.dll
0x00007ffb0a240000 - 0x00007ffb0a481000 	C:\WINDOWS\SYSTEM32\DBGHELP.DLL
0x00007ffb0ed90000 - 0x00007ffb0ee70000 	C:\WINDOWS\System32\OLEAUT32.dll
0x00007ffae7410000 - 0x00007ffae7453000 	C:\WINDOWS\SYSTEM32\dbgcore.DLL
0x00007ffb0d3a0000 - 0x00007ffb0d439000 	C:\WINDOWS\System32\bcryptPrimitives.dll
0x00007ffaf2d70000 - 0x00007ffaf2d7f000 	c:\Users\akhil\.cursor\extensions\redhat.java-1.44.0-win32-x64\jre\21.0.8-win32-x86_64\bin\instrument.dll
0x00007ffadd450000 - 0x00007ffadd46f000 	c:\Users\akhil\.cursor\extensions\redhat.java-1.44.0-win32-x64\jre\21.0.8-win32-x86_64\bin\java.dll
0x00007ffb0a790000 - 0x00007ffb0afeb000 	C:\WINDOWS\SYSTEM32\windows.storage.dll
0x00007ffb0d880000 - 0x00007ffb0d975000 	C:\WINDOWS\System32\SHCORE.dll
0x00007ffb0cb00000 - 0x00007ffb0cb2f000 	C:\WINDOWS\SYSTEM32\profapi.dll
0x00007ffabc590000 - 0x00007ffabc5a8000 	c:\Users\akhil\.cursor\extensions\redhat.java-1.44.0-win32-x64\jre\21.0.8-win32-x86_64\bin\zip.dll
0x00007ffaf1de0000 - 0x00007ffaf1df0000 	C:\Users\akhil\.cursor\extensions\redhat.java-1.44.0-win32-x64\jre\21.0.8-win32-x86_64\bin\net.dll
0x00007ffafbc40000 - 0x00007ffafbd5e000 	C:\WINDOWS\SYSTEM32\WINHTTP.dll
0x00007ffb0beb0000 - 0x00007ffb0bf1a000 	C:\WINDOWS\system32\mswsock.dll
0x00007ffabc570000 - 0x00007ffabc586000 	C:\Users\akhil\.cursor\extensions\redhat.java-1.44.0-win32-x64\jre\21.0.8-win32-x86_64\bin\nio.dll
0x00007ffaefcb0000 - 0x00007ffaefcc0000 	c:\Users\akhil\.cursor\extensions\redhat.java-1.44.0-win32-x64\jre\21.0.8-win32-x86_64\bin\verify.dll
0x00007ffa9c4f0000 - 0x00007ffa9c535000 	C:\Users\akhil\AppData\Roaming\Cursor\User\globalStorage\redhat.java\1.44.0\config_win\org.eclipse.equinox.launcher\org.eclipse.equinox.launcher.win32.win32.x86_64_1.2.1400.v20250730-1736\eclipse_11913.dll
0x00007ffb0ead0000 - 0x00007ffb0ec6e000 	C:\WINDOWS\System32\ole32.dll
0x00007ffb0c160000 - 0x00007ffb0c17b000 	C:\WINDOWS\SYSTEM32\CRYPTSP.dll
0x00007ffb0b860000 - 0x00007ffb0b89b000 	C:\WINDOWS\system32\rsaenh.dll
0x00007ffb0bf50000 - 0x00007ffb0bf7b000 	C:\WINDOWS\SYSTEM32\USERENV.dll
0x00007ffb0cad0000 - 0x00007ffb0caf6000 	C:\WINDOWS\SYSTEM32\bcrypt.dll
0x00007ffb0c180000 - 0x00007ffb0c18c000 	C:\WINDOWS\SYSTEM32\CRYPTBASE.dll
0x00007ffb0b300000 - 0x00007ffb0b333000 	C:\WINDOWS\SYSTEM32\IPHLPAPI.DLL
0x00007ffb0d870000 - 0x00007ffb0d87a000 	C:\WINDOWS\System32\NSI.dll
0x00007ffaf2f70000 - 0x00007ffaf2fb9000 	C:\Users\akhil\AppData\Local\Temp\jna-92872481\jna6642237956303913716.dll
0x00007ffb0d980000 - 0x00007ffb0d988000 	C:\WINDOWS\System32\PSAPI.DLL
0x00007ffb01f30000 - 0x00007ffb01f4f000 	C:\WINDOWS\SYSTEM32\dhcpcsvc6.DLL
0x00007ffb01f00000 - 0x00007ffb01f25000 	C:\WINDOWS\SYSTEM32\dhcpcsvc.DLL

JVMTI agents:
c:\Users\akhil\.cursor\extensions\redhat.java-1.44.0-win32-x64\lombok\lombok-1.18.39-4050.jar path:c:\Users\akhil\.cursor\extensions\redhat.java-1.44.0-win32-x64\jre\21.0.8-win32-x86_64\bin\instrument.dll, loaded, initialized, instrumentlib options:none

dbghelp: loaded successfully - version: 4.0.5 - missing functions: none
symbol engine: initialized successfully - sym options: 0x614 - pdb path: .;c:\Users\akhil\.cursor\extensions\redhat.java-1.44.0-win32-x64\jre\21.0.8-win32-x86_64\bin;C:\WINDOWS\SYSTEM32;C:\WINDOWS\WinSxS\amd64_microsoft.windows.common-controls_6595b64144ccf1df_6.0.26100.4484_none_3e0e6d4ce32ef3b3;C:\Program Files (x86)\360\Total Security\safemon;c:\Users\akhil\.cursor\extensions\redhat.java-1.44.0-win32-x64\jre\21.0.8-win32-x86_64\bin\server;C:\Users\akhil\AppData\Roaming\Cursor\User\globalStorage\redhat.java\1.44.0\config_win\org.eclipse.equinox.launcher\org.eclipse.equinox.launcher.win32.win32.x86_64_1.2.1400.v20250730-1736;C:\Users\akhil\AppData\Local\Temp\jna-92872481

VM Arguments:
jvm_args: --add-modules=ALL-SYSTEM --add-opens=java.base/java.util=ALL-UNNAMED --add-opens=java.base/java.lang=ALL-UNNAMED --add-opens=java.base/sun.nio.fs=ALL-UNNAMED -Declipse.application=org.eclipse.jdt.ls.core.id1 -Dosgi.bundles.defaultStartLevel=4 -Declipse.product=org.eclipse.jdt.ls.core.product -Djava.import.generatesMetadataFilesAtProjectRoot=false -DDetectVMInstallationsJob.disabled=true -Dfile.encoding=utf8 -XX:+UseParallelGC -XX:GCTimeRatio=4 -XX:AdaptiveSizePolicyWeight=90 -Dsun.zip.disableMemoryMapping=true -Xmx2G -Xms100m -Xlog:disable -javaagent:c:\Users\akhil\.cursor\extensions\redhat.java-1.44.0-win32-x64\lombok\lombok-1.18.39-4050.jar -XX:+HeapDumpOnOutOfMemoryError -XX:HeapDumpPath=c:\Users\akhil\AppData\Roaming\Cursor\User\workspaceStorage\fbb2506cd244a14cfe21ec56da8c2a8b\redhat.java -Daether.dependencyCollector.impl=bf 
java_command: c:\Users\akhil\.cursor\extensions\redhat.java-1.44.0-win32-x64\server\plugins\org.eclipse.equinox.launcher_1.7.0.v20250519-0528.jar -configuration c:\Users\akhil\AppData\Roaming\Cursor\User\globalStorage\redhat.java\1.44.0\config_win -data c:\Users\akhil\AppData\Roaming\Cursor\User\workspaceStorage\fbb2506cd244a14cfe21ec56da8c2a8b\redhat.java\jdt_ws --pipe=\\.\pipe\lsp-08eb1f1e2d51ad1f60be78a6c3d51e06-sock
java_class_path (initial): c:\Users\akhil\.cursor\extensions\redhat.java-1.44.0-win32-x64\server\plugins\org.eclipse.equinox.launcher_1.7.0.v20250519-0528.jar
Launcher Type: SUN_STANDARD

[Global flags]
    uintx AdaptiveSizePolicyWeight                 = 90                                        {product} {command line}
     intx CICompilerCount                          = 4                                         {product} {ergonomic}
    uintx GCTimeRatio                              = 4                                         {product} {command line}
     bool HeapDumpOnOutOfMemoryError               = true                                   {manageable} {command line}
    ccstr HeapDumpPath                             = c:\Users\akhil\AppData\Roaming\Cursor\User\workspaceStorage\fbb2506cd244a14cfe21ec56da8c2a8b\redhat.java         {manageable} {command line}
   size_t InitialHeapSize                          = 104857600                                 {product} {command line}
   size_t MaxHeapSize                              = 2147483648                                {product} {command line}
   size_t MaxNewSize                               = 715653120                                 {product} {ergonomic}
   size_t MinHeapDeltaBytes                        = 524288                                    {product} {ergonomic}
   size_t MinHeapSize                              = 104857600                                 {product} {command line}
   size_t NewSize                                  = 34603008                                  {product} {ergonomic}
    uintx NonNMethodCodeHeapSize                   = 5839372                                {pd product} {ergonomic}
    uintx NonProfiledCodeHeapSize                  = 122909434                              {pd product} {ergonomic}
   size_t OldSize                                  = 70254592                                  {product} {ergonomic}
    uintx ProfiledCodeHeapSize                     = 122909434                              {pd product} {ergonomic}
    uintx ReservedCodeCacheSize                    = 251658240                              {pd product} {ergonomic}
     bool SegmentedCodeCache                       = true                                      {product} {ergonomic}
   size_t SoftMaxHeapSize                          = 2147483648                             {manageable} {ergonomic}
     bool UseCompressedOops                        = true                           {product lp64_product} {ergonomic}
     bool UseLargePagesIndividualAllocation        = false                                  {pd product} {ergonomic}
     bool UseParallelGC                            = true                                      {product} {command line}

Logging:
Log output configuration:
 #0: stdout all=off uptime,level,tags foldmultilines=false
 #1: stderr all=off uptime,level,tags foldmultilines=false

Environment Variables:
PATH=C:\Program Files\Git\cmd;C:\Program Files\Git\bin;C:\flutter\bin;C:\Program Files\ImageMagick-7.1.1-Q16-HDRI;C:\Program Files\Common Files\Oracle\Java\javapath;C:\WINDOWS\system32;C:\WINDOWS;C:\WINDOWS\System32\Wbem;C:\WINDOWS\System32\WindowsPowerShell\v1.0\;C:\WINDOWS\System32\OpenSSH\;C:\Program Files\Java\jdk-23\bin;C:\Program Files\MySQL\MySQL Server 8.0\bin;C:\Users\akhil\AppData\Local\Android\Sdk\platform-tools;C:\Users\akhil\AppData\Local\Android\Sdk\cmdline-tools\latest\bin;C:\Program Files\nodejs\;C:\Program Files\MongoDB\Server\8.0\bin;C:\Users\akhil\Downloads\mongosh-2.5.6-win32-x64\mongosh-2.5.6-win32-x64\bin;C:\Users\akhil\AppData\Local\Programs\Python\Python310\Scripts\;C:\Users\akhil\AppData\Local\Programs\Python\Python310\;C:\Users\akhil\AppData\Local\Programs\Python\Python313\Scripts\;C:\Users\akhil\AppData\Local\Programs\Python\Python313\;C:\Users\akhil\AppData\Local\Programs\Python\Launcher\;C:\Program Files\MySQL\MySQL Shell 8.0\bin\;C:\Users\akhil\AppData\Local\Microsoft\WindowsApps;C:\Users\akhil\AppData\Local\Programs\Microsoft VS Code\bin;C:\Program Files\JetBrains\IntelliJ IDEA Community Edition 2024.3.2.1\bin;;C:\Users\akhil\AppData\Local\Microsoft\WinGet\Packages\Schniz.fnm_Microsoft.Winget.Source_8wekyb3d8bbwe;C:\Users\akhil\AppData\Roaming\npm;C:\Users\akhil\AppData\Local\Programs\cursor\resources\app\bin
USERNAME=akhil
OS=Windows_NT
PROCESSOR_IDENTIFIER=Intel64 Family 6 Model 186 Stepping 3, GenuineIntel
TMP=C:\Users\akhil\AppData\Local\Temp
TEMP=C:\Users\akhil\AppData\Local\Temp




Periodic native trim disabled

---------------  S Y S T E M  ---------------

OS:
 Windows 11 , 64 bit Build 26100 (10.0.26100.4484)
OS uptime: 4 days 5:52 hours
Hyper-V role detected

CPU: total 8 (initial active 8) (4 cores per cpu, 2 threads per core) family 6 model 186 stepping 3 microcode 0x410e, cx8, cmov, fxsr, ht, mmx, 3dnowpref, sse, sse2, sse3, ssse3, sse4.1, sse4.2, popcnt, lzcnt, tsc, tscinvbit, avx, avx2, aes, erms, clmul, bmi1, bmi2, adx, sha, fma, vzeroupper, clflush, clflushopt, clwb, hv, serialize, rdtscp, rdpid, fsrm, f16c, cet_ibt, cet_ss
Processor Information for the first 8 processors :
  Max Mhz: 1200, Current Mhz: 1200, Mhz Limit: 1200

Memory: 4k page, system-wide physical 7931M (510M free)
TotalPageFile size 32507M (AvailPageFile size 12M)
current process WorkingSet (physical memory assigned to process): 184M, peak: 188M
current process commit charge ("private bytes"): 311M, peak: 316M

vm_info: OpenJDK 64-Bit Server VM (21.0.8+9-LTS) for windows-amd64 JRE (21.0.8+9-LTS), built on 2025-07-15T00:00:00Z by "admin" with MS VC++ 17.7 (VS2022)

END.
